mode: atomic
github.com/tktomaru/taskai/taskai-server/cmd/server/main.go:31.13,38.16 4 0
github.com/tktomaru/taskai/taskai-server/cmd/server/main.go:38.16,40.3 1 0
github.com/tktomaru/taskai/taskai-server/cmd/server/main.go:41.2,48.16 6 0
github.com/tktomaru/taskai/taskai-server/cmd/server/main.go:48.16,50.3 1 0
github.com/tktomaru/taskai/taskai-server/cmd/server/main.go:51.2,57.27 5 0
github.com/tktomaru/taskai/taskai-server/cmd/server/main.go:57.27,62.17 5 0
github.com/tktomaru/taskai/taskai-server/cmd/server/main.go:62.17,65.4 2 0
github.com/tktomaru/taskai/taskai-server/cmd/server/main.go:65.9,67.4 1 0
github.com/tktomaru/taskai/taskai-server/cmd/server/main.go:68.8,70.3 1 0
github.com/tktomaru/taskai/taskai-server/cmd/server/main.go:73.2,91.12 9 0
github.com/tktomaru/taskai/taskai-server/cmd/server/main.go:91.12,96.80 4 0
github.com/tktomaru/taskai/taskai-server/cmd/server/main.go:96.80,98.4 1 0
github.com/tktomaru/taskai/taskai-server/cmd/server/main.go:102.2,112.45 7 0
github.com/tktomaru/taskai/taskai-server/cmd/server/main.go:112.45,114.3 1 0
github.com/tktomaru/taskai/taskai-server/cmd/server/main.go:117.2,119.42 2 0
github.com/tktomaru/taskai/taskai-server/internal/api/auth_handlers.go:13.46,15.47 2 0
github.com/tktomaru/taskai/taskai-server/internal/api/auth_handlers.go:15.47,22.3 2 0
github.com/tktomaru/taskai/taskai-server/internal/api/auth_handlers.go:24.2,31.16 3 0
github.com/tktomaru/taskai/taskai-server/internal/api/auth_handlers.go:31.16,37.3 2 0
github.com/tktomaru/taskai/taskai-server/internal/api/auth_handlers.go:40.2,52.4 2 0
github.com/tktomaru/taskai/taskai-server/internal/api/auth_handlers.go:56.47,71.2 2 0
github.com/tktomaru/taskai/taskai-server/internal/api/auth_handlers.go:74.55,77.13 2 0
github.com/tktomaru/taskai/taskai-server/internal/api/auth_handlers.go:77.13,83.3 2 0
github.com/tktomaru/taskai/taskai-server/internal/api/auth_handlers.go:85.2,92.16 3 0
github.com/tktomaru/taskai/taskai-server/internal/api/auth_handlers.go:92.16,98.3 2 0
github.com/tktomaru/taskai/taskai-server/internal/api/auth_handlers.go:100.2,102.4 1 0
github.com/tktomaru/taskai/taskai-server/internal/api/auth_handlers.go:106.49,108.47 2 0
github.com/tktomaru/taskai/taskai-server/internal/api/auth_handlers.go:108.47,115.3 2 0
github.com/tktomaru/taskai/taskai-server/internal/api/auth_handlers.go:117.2,124.16 3 0
github.com/tktomaru/taskai/taskai-server/internal/api/auth_handlers.go:124.16,130.3 2 0
github.com/tktomaru/taskai/taskai-server/internal/api/auth_handlers.go:133.2,145.4 2 0
github.com/tktomaru/taskai/taskai-server/internal/api/auth_handlers.go:149.51,150.30 1 0
github.com/tktomaru/taskai/taskai-server/internal/api/auth_handlers.go:150.30,155.32 2 0
github.com/tktomaru/taskai/taskai-server/internal/api/auth_handlers.go:155.32,157.24 2 0
github.com/tktomaru/taskai/taskai-server/internal/api/auth_handlers.go:157.24,163.5 2 0
github.com/tktomaru/taskai/taskai-server/internal/api/auth_handlers.go:166.4,167.47 2 0
github.com/tktomaru/taskai/taskai-server/internal/api/auth_handlers.go:167.47,173.5 2 0
github.com/tktomaru/taskai/taskai-server/internal/api/auth_handlers.go:175.4,175.20 1 0
github.com/tktomaru/taskai/taskai-server/internal/api/auth_handlers.go:179.3,186.17 3 0
github.com/tktomaru/taskai/taskai-server/internal/api/auth_handlers.go:186.17,192.4 2 0
github.com/tktomaru/taskai/taskai-server/internal/api/auth_handlers.go:195.3,199.11 4 0
github.com/tktomaru/taskai/taskai-server/internal/api/auth_handlers.go:204.59,205.30 1 0
github.com/tktomaru/taskai/taskai-server/internal/api/auth_handlers.go:205.30,209.18 2 0
github.com/tktomaru/taskai/taskai-server/internal/api/auth_handlers.go:209.18,211.24 2 0
github.com/tktomaru/taskai/taskai-server/internal/api/auth_handlers.go:211.24,213.48 2 0
github.com/tktomaru/taskai/taskai-server/internal/api/auth_handlers.go:213.48,215.6 1 0
github.com/tktomaru/taskai/taskai-server/internal/api/auth_handlers.go:220.3,220.18 1 0
github.com/tktomaru/taskai/taskai-server/internal/api/auth_handlers.go:220.18,228.18 3 0
github.com/tktomaru/taskai/taskai-server/internal/api/auth_handlers.go:228.18,232.5 3 0
github.com/tktomaru/taskai/taskai-server/internal/api/auth_handlers.go:235.3,235.11 1 0
github.com/tktomaru/taskai/taskai-server/internal/api/middleware.go:12.59,13.30 1 0
github.com/tktomaru/taskai/taskai-server/internal/api/middleware.go:13.30,25.18 9 0
github.com/tktomaru/taskai/taskai-server/internal/api/middleware.go:25.18,27.4 1 0
github.com/tktomaru/taskai/taskai-server/internal/api/middleware.go:30.3,30.35 1 0
github.com/tktomaru/taskai/taskai-server/internal/api/middleware.go:30.35,40.4 1 0
github.com/tktomaru/taskai/taskai-server/internal/api/middleware.go:40.9,49.4 1 0
github.com/tktomaru/taskai/taskai-server/internal/api/middleware.go:54.57,55.30 1 0
github.com/tktomaru/taskai/taskai-server/internal/api/middleware.go:55.30,60.56 3 0
github.com/tktomaru/taskai/taskai-server/internal/api/middleware.go:60.56,61.55 1 0
github.com/tktomaru/taskai/taskai-server/internal/api/middleware.go:61.55,63.10 2 0
github.com/tktomaru/taskai/taskai-server/internal/api/middleware.go:67.3,67.14 1 0
github.com/tktomaru/taskai/taskai-server/internal/api/middleware.go:67.14,68.20 1 0
github.com/tktomaru/taskai/taskai-server/internal/api/middleware.go:68.20,70.5 1 0
github.com/tktomaru/taskai/taskai-server/internal/api/middleware.go:70.10,70.46 1 0
github.com/tktomaru/taskai/taskai-server/internal/api/middleware.go:70.46,72.5 1 0
github.com/tktomaru/taskai/taskai-server/internal/api/middleware.go:74.4,77.60 4 0
github.com/tktomaru/taskai/taskai-server/internal/api/middleware.go:80.3,80.36 1 0
github.com/tktomaru/taskai/taskai-server/internal/api/middleware.go:80.36,83.4 2 0
github.com/tktomaru/taskai/taskai-server/internal/api/middleware.go:85.3,85.11 1 0
github.com/tktomaru/taskai/taskai-server/internal/api/middleware.go:90.39,91.30 1 0
github.com/tktomaru/taskai/taskai-server/internal/api/middleware.go:91.30,95.3 1 0
github.com/tktomaru/taskai/taskai-server/internal/api/middleware.go:99.44,100.30 1 0
github.com/tktomaru/taskai/taskai-server/internal/api/middleware.go:100.30,103.3 1 0
github.com/tktomaru/taskai/taskai-server/internal/api/project_handlers.go:12.53,15.16 3 0
github.com/tktomaru/taskai/taskai-server/internal/api/project_handlers.go:15.16,21.3 2 0
github.com/tktomaru/taskai/taskai-server/internal/api/project_handlers.go:23.2,25.4 1 0
github.com/tktomaru/taskai/taskai-server/internal/api/project_handlers.go:29.54,31.47 2 0
github.com/tktomaru/taskai/taskai-server/internal/api/project_handlers.go:31.47,38.3 2 0
github.com/tktomaru/taskai/taskai-server/internal/api/project_handlers.go:40.2,42.16 3 0
github.com/tktomaru/taskai/taskai-server/internal/api/project_handlers.go:42.16,49.3 2 0
github.com/tktomaru/taskai/taskai-server/internal/api/project_handlers.go:51.2,53.4 1 0
github.com/tktomaru/taskai/taskai-server/internal/api/project_handlers.go:57.51,62.16 4 0
github.com/tktomaru/taskai/taskai-server/internal/api/project_handlers.go:62.16,68.3 2 0
github.com/tktomaru/taskai/taskai-server/internal/api/project_handlers.go:70.2,72.4 1 0
github.com/tktomaru/taskai/taskai-server/internal/api/project_handlers.go:76.54,80.47 3 0
github.com/tktomaru/taskai/taskai-server/internal/api/project_handlers.go:80.47,87.3 2 0
github.com/tktomaru/taskai/taskai-server/internal/api/project_handlers.go:89.2,91.16 3 0
github.com/tktomaru/taskai/taskai-server/internal/api/project_handlers.go:91.16,98.3 2 0
github.com/tktomaru/taskai/taskai-server/internal/api/project_handlers.go:100.2,102.4 1 0
github.com/tktomaru/taskai/taskai-server/internal/api/project_handlers.go:106.54,111.16 4 0
github.com/tktomaru/taskai/taskai-server/internal/api/project_handlers.go:111.16,117.3 2 0
github.com/tktomaru/taskai/taskai-server/internal/api/project_handlers.go:119.2,119.35 1 0
github.com/tktomaru/taskai/taskai-server/internal/api/revision_handlers.go:13.57,19.29 4 0
github.com/tktomaru/taskai/taskai-server/internal/api/revision_handlers.go:19.29,21.3 1 0
github.com/tktomaru/taskai/taskai-server/internal/api/revision_handlers.go:23.2,29.16 3 0
github.com/tktomaru/taskai/taskai-server/internal/api/revision_handlers.go:29.16,36.3 2 0
github.com/tktomaru/taskai/taskai-server/internal/api/revision_handlers.go:38.2,40.4 1 0
github.com/tktomaru/taskai/taskai-server/internal/api/revision_handlers.go:44.52,47.16 3 0
github.com/tktomaru/taskai/taskai-server/internal/api/revision_handlers.go:47.16,53.3 2 0
github.com/tktomaru/taskai/taskai-server/internal/api/revision_handlers.go:55.2,61.16 3 0
github.com/tktomaru/taskai/taskai-server/internal/api/revision_handlers.go:61.16,67.3 2 0
github.com/tktomaru/taskai/taskai-server/internal/api/revision_handlers.go:69.2,71.4 1 0
github.com/tktomaru/taskai/taskai-server/internal/api/revision_handlers.go:75.57,80.16 4 0
github.com/tktomaru/taskai/taskai-server/internal/api/revision_handlers.go:80.16,86.3 2 0
github.com/tktomaru/taskai/taskai-server/internal/api/revision_handlers.go:88.2,89.16 2 0
github.com/tktomaru/taskai/taskai-server/internal/api/revision_handlers.go:89.16,95.3 2 0
github.com/tktomaru/taskai/taskai-server/internal/api/revision_handlers.go:97.2,103.16 3 0
github.com/tktomaru/taskai/taskai-server/internal/api/revision_handlers.go:103.16,110.3 2 0
github.com/tktomaru/taskai/taskai-server/internal/api/revision_handlers.go:112.2,114.4 1 0
github.com/tktomaru/taskai/taskai-server/internal/api/revision_handlers.go:118.59,124.16 5 0
github.com/tktomaru/taskai/taskai-server/internal/api/revision_handlers.go:124.16,130.3 2 0
github.com/tktomaru/taskai/taskai-server/internal/api/revision_handlers.go:132.2,138.16 3 0
github.com/tktomaru/taskai/taskai-server/internal/api/revision_handlers.go:138.16,145.3 2 0
github.com/tktomaru/taskai/taskai-server/internal/api/revision_handlers.go:147.2,149.4 1 0
github.com/tktomaru/taskai/taskai-server/internal/api/router.go:24.116,26.34 1 0
github.com/tktomaru/taskai/taskai-server/internal/api/router.go:26.34,28.3 1 0
github.com/tktomaru/taskai/taskai-server/internal/api/router.go:28.8,30.3 1 0
github.com/tktomaru/taskai/taskai-server/internal/api/router.go:32.2,49.10 7 0
github.com/tktomaru/taskai/taskai-server/internal/api/router.go:53.32,60.2 4 0
github.com/tktomaru/taskai/taskai-server/internal/api/router.go:60.2,63.3 2 0
github.com/tktomaru/taskai/taskai-server/internal/api/router.go:63.3,68.4 4 0
github.com/tktomaru/taskai/taskai-server/internal/api/router.go:71.3,73.3 3 0
github.com/tktomaru/taskai/taskai-server/internal/api/router.go:73.3,76.4 2 0
github.com/tktomaru/taskai/taskai-server/internal/api/router.go:76.4,85.5 7 0
github.com/tktomaru/taskai/taskai-server/internal/api/router.go:85.5,95.6 7 0
github.com/tktomaru/taskai/taskai-server/internal/api/router.go:98.5,99.5 2 0
github.com/tktomaru/taskai/taskai-server/internal/api/router.go:99.5,106.6 6 0
github.com/tktomaru/taskai/taskai-server/internal/api/router.go:110.4,120.4 5 0
github.com/tktomaru/taskai/taskai-server/internal/api/router.go:120.4,123.5 2 0
github.com/tktomaru/taskai/taskai-server/internal/api/router.go:126.4,126.54 1 0
github.com/tktomaru/taskai/taskai-server/internal/api/router.go:130.3,130.83 1 0
github.com/tktomaru/taskai/taskai-server/internal/api/router.go:135.39,137.2 1 0
github.com/tktomaru/taskai/taskai-server/internal/api/router.go:141.52,146.2 1 0
github.com/tktomaru/taskai/taskai-server/internal/api/router.go:148.51,150.62 1 0
github.com/tktomaru/taskai/taskai-server/internal/api/router.go:150.62,156.3 2 0
github.com/tktomaru/taskai/taskai-server/internal/api/router.go:158.2,161.4 1 0
github.com/tktomaru/taskai/taskai-server/internal/api/router.go:164.57,166.2 1 0
github.com/tktomaru/taskai/taskai-server/internal/api/search_handlers.go:12.47,14.47 2 0
github.com/tktomaru/taskai/taskai-server/internal/api/search_handlers.go:14.47,21.3 2 0
github.com/tktomaru/taskai/taskai-server/internal/api/search_handlers.go:24.2,25.20 2 0
github.com/tktomaru/taskai/taskai-server/internal/api/search_handlers.go:25.20,30.3 1 0
github.com/tktomaru/taskai/taskai-server/internal/api/search_handlers.go:30.8,35.3 1 0
github.com/tktomaru/taskai/taskai-server/internal/api/search_handlers.go:37.2,38.16 2 0
github.com/tktomaru/taskai/taskai-server/internal/api/search_handlers.go:38.16,45.3 2 0
github.com/tktomaru/taskai/taskai-server/internal/api/search_handlers.go:47.2,49.4 1 0
github.com/tktomaru/taskai/taskai-server/internal/api/search_handlers.go:53.55,56.20 2 0
github.com/tktomaru/taskai/taskai-server/internal/api/search_handlers.go:56.20,62.3 2 0
github.com/tktomaru/taskai/taskai-server/internal/api/search_handlers.go:64.2,70.16 3 0
github.com/tktomaru/taskai/taskai-server/internal/api/search_handlers.go:70.16,77.3 2 0
github.com/tktomaru/taskai/taskai-server/internal/api/search_handlers.go:79.2,81.4 1 0
github.com/tktomaru/taskai/taskai-server/internal/api/task_handlers.go:13.50,19.51 3 0
github.com/tktomaru/taskai/taskai-server/internal/api/task_handlers.go:19.51,21.3 1 0
github.com/tktomaru/taskai/taskai-server/internal/api/task_handlers.go:23.2,23.55 1 0
github.com/tktomaru/taskai/taskai-server/internal/api/task_handlers.go:23.55,25.3 1 0
github.com/tktomaru/taskai/taskai-server/internal/api/task_handlers.go:27.2,27.54 1 0
github.com/tktomaru/taskai/taskai-server/internal/api/task_handlers.go:27.54,29.3 1 0
github.com/tktomaru/taskai/taskai-server/internal/api/task_handlers.go:31.2,31.48 1 0
github.com/tktomaru/taskai/taskai-server/internal/api/task_handlers.go:31.48,33.3 1 0
github.com/tktomaru/taskai/taskai-server/internal/api/task_handlers.go:36.2,38.16 3 0
github.com/tktomaru/taskai/taskai-server/internal/api/task_handlers.go:38.16,44.3 2 0
github.com/tktomaru/taskai/taskai-server/internal/api/task_handlers.go:46.2,48.4 1 0
github.com/tktomaru/taskai/taskai-server/internal/api/task_handlers.go:52.51,56.47 3 0
github.com/tktomaru/taskai/taskai-server/internal/api/task_handlers.go:56.47,63.3 2 0
github.com/tktomaru/taskai/taskai-server/internal/api/task_handlers.go:66.2,71.16 4 0
github.com/tktomaru/taskai/taskai-server/internal/api/task_handlers.go:71.16,78.3 2 0
github.com/tktomaru/taskai/taskai-server/internal/api/task_handlers.go:81.2,81.20 1 0
github.com/tktomaru/taskai/taskai-server/internal/api/task_handlers.go:81.20,82.13 1 0
github.com/tktomaru/taskai/taskai-server/internal/api/task_handlers.go:82.13,85.4 2 0
github.com/tktomaru/taskai/taskai-server/internal/api/task_handlers.go:89.2,93.4 2 0
github.com/tktomaru/taskai/taskai-server/internal/api/task_handlers.go:97.48,103.16 5 0
github.com/tktomaru/taskai/taskai-server/internal/api/task_handlers.go:103.16,109.3 2 0
github.com/tktomaru/taskai/taskai-server/internal/api/task_handlers.go:111.2,113.4 1 0
github.com/tktomaru/taskai/taskai-server/internal/api/task_handlers.go:117.51,122.47 4 0
github.com/tktomaru/taskai/taskai-server/internal/api/task_handlers.go:122.47,129.3 2 0
github.com/tktomaru/taskai/taskai-server/internal/api/task_handlers.go:132.2,137.16 4 0
github.com/tktomaru/taskai/taskai-server/internal/api/task_handlers.go:137.16,144.3 2 0
github.com/tktomaru/taskai/taskai-server/internal/api/task_handlers.go:147.2,147.20 1 0
github.com/tktomaru/taskai/taskai-server/internal/api/task_handlers.go:147.20,148.13 1 0
github.com/tktomaru/taskai/taskai-server/internal/api/task_handlers.go:148.13,151.4 2 0
github.com/tktomaru/taskai/taskai-server/internal/api/task_handlers.go:155.2,159.4 2 0
github.com/tktomaru/taskai/taskai-server/internal/api/task_handlers.go:163.51,169.16 5 0
github.com/tktomaru/taskai/taskai-server/internal/api/task_handlers.go:169.16,175.3 2 0
github.com/tktomaru/taskai/taskai-server/internal/api/task_handlers.go:178.2,178.20 1 0
github.com/tktomaru/taskai/taskai-server/internal/api/task_handlers.go:178.20,179.13 1 0
github.com/tktomaru/taskai/taskai-server/internal/api/task_handlers.go:179.13,182.4 2 0
github.com/tktomaru/taskai/taskai-server/internal/api/task_handlers.go:186.2,188.35 2 0
github.com/tktomaru/taskai/taskai-server/internal/api/view_handlers.go:12.50,20.16 5 0
github.com/tktomaru/taskai/taskai-server/internal/api/view_handlers.go:20.16,26.3 2 0
github.com/tktomaru/taskai/taskai-server/internal/api/view_handlers.go:28.2,30.4 1 0
github.com/tktomaru/taskai/taskai-server/internal/api/view_handlers.go:34.51,38.47 3 0
github.com/tktomaru/taskai/taskai-server/internal/api/view_handlers.go:38.47,45.3 2 0
github.com/tktomaru/taskai/taskai-server/internal/api/view_handlers.go:48.2,52.16 4 0
github.com/tktomaru/taskai/taskai-server/internal/api/view_handlers.go:52.16,59.3 2 0
github.com/tktomaru/taskai/taskai-server/internal/api/view_handlers.go:61.2,63.4 1 0
github.com/tktomaru/taskai/taskai-server/internal/api/view_handlers.go:67.48,73.16 5 0
github.com/tktomaru/taskai/taskai-server/internal/api/view_handlers.go:73.16,79.3 2 0
github.com/tktomaru/taskai/taskai-server/internal/api/view_handlers.go:81.2,83.4 1 0
github.com/tktomaru/taskai/taskai-server/internal/api/view_handlers.go:87.51,92.47 4 0
github.com/tktomaru/taskai/taskai-server/internal/api/view_handlers.go:92.47,99.3 2 0
github.com/tktomaru/taskai/taskai-server/internal/api/view_handlers.go:101.2,103.16 3 0
github.com/tktomaru/taskai/taskai-server/internal/api/view_handlers.go:103.16,110.3 2 0
github.com/tktomaru/taskai/taskai-server/internal/api/view_handlers.go:112.2,114.4 1 0
github.com/tktomaru/taskai/taskai-server/internal/api/view_handlers.go:118.51,124.16 5 0
github.com/tktomaru/taskai/taskai-server/internal/api/view_handlers.go:124.16,130.3 2 0
github.com/tktomaru/taskai/taskai-server/internal/api/view_handlers.go:132.2,132.35 1 0
github.com/tktomaru/taskai/taskai-server/internal/api/view_handlers.go:136.52,142.16 5 0
github.com/tktomaru/taskai/taskai-server/internal/api/view_handlers.go:142.16,149.3 2 0
github.com/tktomaru/taskai/taskai-server/internal/api/view_handlers.go:151.2,153.4 1 0
github.com/tktomaru/taskai/taskai-server/internal/api/websocket_handlers.go:15.42,19.3 1 0
github.com/tktomaru/taskai/taskai-server/internal/api/websocket_handlers.go:24.50,26.21 2 0
github.com/tktomaru/taskai/taskai-server/internal/api/websocket_handlers.go:26.21,32.3 2 0
github.com/tktomaru/taskai/taskai-server/internal/api/websocket_handlers.go:35.2,36.51 2 0
github.com/tktomaru/taskai/taskai-server/internal/api/websocket_handlers.go:36.51,38.3 1 0
github.com/tktomaru/taskai/taskai-server/internal/api/websocket_handlers.go:41.2,42.16 2 0
github.com/tktomaru/taskai/taskai-server/internal/api/websocket_handlers.go:42.16,45.3 2 0
github.com/tktomaru/taskai/taskai-server/internal/api/websocket_handlers.go:48.2,54.93 4 0
github.com/tktomaru/taskai/taskai-server/internal/api/websocket_handlers.go:59.55,66.21 3 0
github.com/tktomaru/taskai/taskai-server/internal/api/websocket_handlers.go:66.21,69.3 2 0
github.com/tktomaru/taskai/taskai-server/internal/api/websocket_handlers.go:71.2,71.30 1 0
github.com/tktomaru/taskai/taskai-server/internal/models/models.go:183.52,184.14 1 0
github.com/tktomaru/taskai/taskai-server/internal/models/models.go:184.14,186.3 1 0
github.com/tktomaru/taskai/taskai-server/internal/models/models.go:187.2,187.17 1 0
github.com/tktomaru/taskai/taskai-server/internal/models/models.go:187.17,189.3 1 0
github.com/tktomaru/taskai/taskai-server/internal/models/models.go:192.2,193.22 2 0
github.com/tktomaru/taskai/taskai-server/internal/models/models.go:193.22,194.12 1 0
github.com/tktomaru/taskai/taskai-server/internal/models/models.go:194.12,196.4 1 0
github.com/tktomaru/taskai/taskai-server/internal/models/models.go:198.3,199.23 2 0
github.com/tktomaru/taskai/taskai-server/internal/models/models.go:199.23,200.29 1 0
github.com/tktomaru/taskai/taskai-server/internal/models/models.go:200.29,202.5 1 0
github.com/tktomaru/taskai/taskai-server/internal/models/models.go:203.4,203.24 1 0
github.com/tktomaru/taskai/taskai-server/internal/models/models.go:205.3,205.27 1 0
github.com/tktomaru/taskai/taskai-server/internal/models/models.go:207.2,209.15 2 0
github.com/tktomaru/taskai/taskai-server/internal/models/models.go:213.53,214.18 1 0
github.com/tktomaru/taskai/taskai-server/internal/models/models.go:214.18,217.3 2 0
github.com/tktomaru/taskai/taskai-server/internal/models/models.go:219.2,219.27 1 0
github.com/tktomaru/taskai/taskai-server/internal/models/models.go:220.14,221.24 1 0
github.com/tktomaru/taskai/taskai-server/internal/models/models.go:222.14,223.32 1 0
github.com/tktomaru/taskai/taskai-server/internal/models/models.go:224.10,225.67 1 0
github.com/tktomaru/taskai/taskai-server/internal/models/models.go:229.51,232.42 1 0
github.com/tktomaru/taskai/taskai-server/internal/models/models.go:232.42,235.3 2 0
github.com/tktomaru/taskai/taskai-server/internal/models/models.go:238.2,238.45 1 0
github.com/tktomaru/taskai/taskai-server/internal/models/models.go:238.45,240.3 1 0
github.com/tktomaru/taskai/taskai-server/internal/models/models.go:243.2,247.32 4 0
github.com/tktomaru/taskai/taskai-server/internal/models/models.go:247.32,250.47 2 0
github.com/tktomaru/taskai/taskai-server/internal/models/models.go:250.47,252.12 2 0
github.com/tktomaru/taskai/taskai-server/internal/models/models.go:255.3,255.27 1 0
github.com/tktomaru/taskai/taskai-server/internal/models/models.go:255.27,258.12 3 0
github.com/tktomaru/taskai/taskai-server/internal/models/models.go:261.3,261.23 1 0
github.com/tktomaru/taskai/taskai-server/internal/models/models.go:264.2,264.19 1 0
github.com/tktomaru/taskai/taskai-server/internal/models/models.go:264.19,266.3 1 0
github.com/tktomaru/taskai/taskai-server/internal/models/models.go:268.2,269.12 2 0
github.com/tktomaru/taskai/taskai-server/internal/models/models.go:276.46,277.14 1 0
github.com/tktomaru/taskai/taskai-server/internal/models/models.go:277.14,279.3 1 0
github.com/tktomaru/taskai/taskai-server/internal/models/models.go:280.2,280.24 1 0
github.com/tktomaru/taskai/taskai-server/internal/models/models.go:284.47,285.18 1 0
github.com/tktomaru/taskai/taskai-server/internal/models/models.go:285.18,288.3 2 0
github.com/tktomaru/taskai/taskai-server/internal/models/models.go:290.2,291.27 2 0
github.com/tktomaru/taskai/taskai-server/internal/models/models.go:292.14,293.11 1 0
github.com/tktomaru/taskai/taskai-server/internal/models/models.go:294.14,295.19 1 0
github.com/tktomaru/taskai/taskai-server/internal/models/models.go:296.10,297.61 1 0
github.com/tktomaru/taskai/taskai-server/internal/models/models.go:300.2,300.32 1 0
github.com/tktomaru/taskai/taskai-server/internal/repository/project_repository.go:18.59,20.2 1 0
github.com/tktomaru/taskai/taskai-server/internal/repository/project_repository.go:23.88,33.16 3 0
github.com/tktomaru/taskai/taskai-server/internal/repository/project_repository.go:33.16,35.3 1 0
github.com/tktomaru/taskai/taskai-server/internal/repository/project_repository.go:37.2,37.12 1 0
github.com/tktomaru/taskai/taskai-server/internal/repository/project_repository.go:41.101,49.16 4 0
github.com/tktomaru/taskai/taskai-server/internal/repository/project_repository.go:49.16,50.27 1 0
github.com/tktomaru/taskai/taskai-server/internal/repository/project_repository.go:50.27,52.4 1 0
github.com/tktomaru/taskai/taskai-server/internal/repository/project_repository.go:53.3,53.59 1 0
github.com/tktomaru/taskai/taskai-server/internal/repository/project_repository.go:56.2,56.22 1 0
github.com/tktomaru/taskai/taskai-server/internal/repository/project_repository.go:60.82,69.16 4 0
github.com/tktomaru/taskai/taskai-server/internal/repository/project_repository.go:69.16,71.3 1 0
github.com/tktomaru/taskai/taskai-server/internal/repository/project_repository.go:73.2,73.22 1 0
github.com/tktomaru/taskai/taskai-server/internal/repository/project_repository.go:77.88,89.16 3 0
github.com/tktomaru/taskai/taskai-server/internal/repository/project_repository.go:89.16,91.3 1 0
github.com/tktomaru/taskai/taskai-server/internal/repository/project_repository.go:93.2,94.16 2 0
github.com/tktomaru/taskai/taskai-server/internal/repository/project_repository.go:94.16,96.3 1 0
github.com/tktomaru/taskai/taskai-server/internal/repository/project_repository.go:98.2,98.15 1 0
github.com/tktomaru/taskai/taskai-server/internal/repository/project_repository.go:98.15,100.3 1 0
github.com/tktomaru/taskai/taskai-server/internal/repository/project_repository.go:102.2,102.12 1 0
github.com/tktomaru/taskai/taskai-server/internal/repository/project_repository.go:106.81,113.16 3 0
github.com/tktomaru/taskai/taskai-server/internal/repository/project_repository.go:113.16,115.3 1 0
github.com/tktomaru/taskai/taskai-server/internal/repository/project_repository.go:117.2,118.16 2 0
github.com/tktomaru/taskai/taskai-server/internal/repository/project_repository.go:118.16,120.3 1 0
github.com/tktomaru/taskai/taskai-server/internal/repository/project_repository.go:122.2,122.15 1 0
github.com/tktomaru/taskai/taskai-server/internal/repository/project_repository.go:122.15,124.3 1 0
github.com/tktomaru/taskai/taskai-server/internal/repository/project_repository.go:126.2,126.12 1 0
github.com/tktomaru/taskai/taskai-server/internal/repository/revision_repository.go:17.61,19.2 1 0
github.com/tktomaru/taskai/taskai-server/internal/repository/revision_repository.go:22.126,23.16 1 0
github.com/tktomaru/taskai/taskai-server/internal/repository/revision_repository.go:23.16,25.3 1 0
github.com/tktomaru/taskai/taskai-server/internal/repository/revision_repository.go:27.2,36.16 4 0
github.com/tktomaru/taskai/taskai-server/internal/repository/revision_repository.go:36.16,38.3 1 0
github.com/tktomaru/taskai/taskai-server/internal/repository/revision_repository.go:40.2,40.23 1 0
github.com/tktomaru/taskai/taskai-server/internal/repository/revision_repository.go:44.110,52.16 4 0
github.com/tktomaru/taskai/taskai-server/internal/repository/revision_repository.go:52.16,54.3 1 0
github.com/tktomaru/taskai/taskai-server/internal/repository/revision_repository.go:56.2,56.23 1 0
github.com/tktomaru/taskai/taskai-server/internal/repository/revision_repository.go:60.96,68.16 4 0
github.com/tktomaru/taskai/taskai-server/internal/repository/revision_repository.go:68.16,70.3 1 0
github.com/tktomaru/taskai/taskai-server/internal/repository/revision_repository.go:72.2,72.19 1 0
github.com/tktomaru/taskai/taskai-server/internal/repository/revision_repository.go:76.114,86.16 4 0
github.com/tktomaru/taskai/taskai-server/internal/repository/revision_repository.go:86.16,88.3 1 0
github.com/tktomaru/taskai/taskai-server/internal/repository/revision_repository.go:90.2,90.23 1 0
github.com/tktomaru/taskai/taskai-server/internal/repository/task_repository.go:18.53,20.2 1 0
github.com/tktomaru/taskai/taskai-server/internal/repository/task_repository.go:23.79,37.16 3 0
github.com/tktomaru/taskai/taskai-server/internal/repository/task_repository.go:37.16,39.3 1 0
github.com/tktomaru/taskai/taskai-server/internal/repository/task_repository.go:41.2,41.12 1 0
github.com/tktomaru/taskai/taskai-server/internal/repository/task_repository.go:45.103,53.16 4 0
github.com/tktomaru/taskai/taskai-server/internal/repository/task_repository.go:53.16,54.27 1 0
github.com/tktomaru/taskai/taskai-server/internal/repository/task_repository.go:54.27,56.4 1 0
github.com/tktomaru/taskai/taskai-server/internal/repository/task_repository.go:57.3,57.56 1 0
github.com/tktomaru/taskai/taskai-server/internal/repository/task_repository.go:60.2,60.19 1 0
github.com/tktomaru/taskai/taskai-server/internal/repository/task_repository.go:64.116,73.20 4 0
github.com/tktomaru/taskai/taskai-server/internal/repository/task_repository.go:73.20,74.32 1 0
github.com/tktomaru/taskai/taskai-server/internal/repository/task_repository.go:74.32,78.4 3 0
github.com/tktomaru/taskai/taskai-server/internal/repository/task_repository.go:80.3,80.34 1 0
github.com/tktomaru/taskai/taskai-server/internal/repository/task_repository.go:80.34,84.4 3 0
github.com/tktomaru/taskai/taskai-server/internal/repository/task_repository.go:86.3,86.33 1 0
github.com/tktomaru/taskai/taskai-server/internal/repository/task_repository.go:86.33,90.4 3 0
github.com/tktomaru/taskai/taskai-server/internal/repository/task_repository.go:92.3,92.30 1 0
github.com/tktomaru/taskai/taskai-server/internal/repository/task_repository.go:92.30,96.4 3 0
github.com/tktomaru/taskai/taskai-server/internal/repository/task_repository.go:100.2,103.41 2 0
github.com/tktomaru/taskai/taskai-server/internal/repository/task_repository.go:103.41,107.3 3 0
github.com/tktomaru/taskai/taskai-server/internal/repository/task_repository.go:109.2,111.16 3 0
github.com/tktomaru/taskai/taskai-server/internal/repository/task_repository.go:111.16,113.3 1 0
github.com/tktomaru/taskai/taskai-server/internal/repository/task_repository.go:115.2,115.19 1 0
github.com/tktomaru/taskai/taskai-server/internal/repository/task_repository.go:119.79,137.16 3 0
github.com/tktomaru/taskai/taskai-server/internal/repository/task_repository.go:137.16,139.3 1 0
github.com/tktomaru/taskai/taskai-server/internal/repository/task_repository.go:141.2,142.16 2 0
github.com/tktomaru/taskai/taskai-server/internal/repository/task_repository.go:142.16,144.3 1 0
github.com/tktomaru/taskai/taskai-server/internal/repository/task_repository.go:146.2,146.15 1 0
github.com/tktomaru/taskai/taskai-server/internal/repository/task_repository.go:146.15,148.3 1 0
github.com/tktomaru/taskai/taskai-server/internal/repository/task_repository.go:150.2,150.12 1 0
github.com/tktomaru/taskai/taskai-server/internal/repository/task_repository.go:154.86,161.16 3 0
github.com/tktomaru/taskai/taskai-server/internal/repository/task_repository.go:161.16,163.3 1 0
github.com/tktomaru/taskai/taskai-server/internal/repository/task_repository.go:165.2,166.16 2 0
github.com/tktomaru/taskai/taskai-server/internal/repository/task_repository.go:166.16,168.3 1 0
github.com/tktomaru/taskai/taskai-server/internal/repository/task_repository.go:170.2,170.15 1 0
github.com/tktomaru/taskai/taskai-server/internal/repository/task_repository.go:170.15,172.3 1 0
github.com/tktomaru/taskai/taskai-server/internal/repository/task_repository.go:174.2,174.12 1 0
github.com/tktomaru/taskai/taskai-server/internal/repository/task_repository.go:178.120,190.16 4 0
github.com/tktomaru/taskai/taskai-server/internal/repository/task_repository.go:190.16,192.3 1 0
github.com/tktomaru/taskai/taskai-server/internal/repository/task_repository.go:194.2,194.19 1 0
github.com/tktomaru/taskai/taskai-server/internal/repository/user_repository.go:18.53,20.2 1 0
github.com/tktomaru/taskai/taskai-server/internal/repository/user_repository.go:23.79,33.16 3 0
github.com/tktomaru/taskai/taskai-server/internal/repository/user_repository.go:33.16,35.3 1 0
github.com/tktomaru/taskai/taskai-server/internal/repository/user_repository.go:37.2,37.12 1 0
github.com/tktomaru/taskai/taskai-server/internal/repository/user_repository.go:41.92,48.16 4 0
github.com/tktomaru/taskai/taskai-server/internal/repository/user_repository.go:48.16,49.27 1 0
github.com/tktomaru/taskai/taskai-server/internal/repository/user_repository.go:49.27,51.4 1 0
github.com/tktomaru/taskai/taskai-server/internal/repository/user_repository.go:52.3,52.56 1 0
github.com/tktomaru/taskai/taskai-server/internal/repository/user_repository.go:55.2,55.19 1 0
github.com/tktomaru/taskai/taskai-server/internal/repository/user_repository.go:59.94,66.16 4 0
github.com/tktomaru/taskai/taskai-server/internal/repository/user_repository.go:66.16,67.27 1 0
github.com/tktomaru/taskai/taskai-server/internal/repository/user_repository.go:67.27,69.4 1 0
github.com/tktomaru/taskai/taskai-server/internal/repository/user_repository.go:70.3,70.56 1 0
github.com/tktomaru/taskai/taskai-server/internal/repository/user_repository.go:73.2,73.19 1 0
github.com/tktomaru/taskai/taskai-server/internal/repository/user_repository.go:77.84,84.2 3 0
github.com/tktomaru/taskai/taskai-server/internal/repository/view_repository.go:18.53,20.2 1 0
github.com/tktomaru/taskai/taskai-server/internal/repository/view_repository.go:23.84,35.16 3 0
github.com/tktomaru/taskai/taskai-server/internal/repository/view_repository.go:35.16,37.3 1 0
github.com/tktomaru/taskai/taskai-server/internal/repository/view_repository.go:39.2,39.12 1 0
github.com/tktomaru/taskai/taskai-server/internal/repository/view_repository.go:43.108,51.16 4 0
github.com/tktomaru/taskai/taskai-server/internal/repository/view_repository.go:51.16,52.27 1 0
github.com/tktomaru/taskai/taskai-server/internal/repository/view_repository.go:52.27,54.4 1 0
github.com/tktomaru/taskai/taskai-server/internal/repository/view_repository.go:55.3,55.56 1 0
github.com/tktomaru/taskai/taskai-server/internal/repository/view_repository.go:58.2,58.19 1 0
github.com/tktomaru/taskai/taskai-server/internal/repository/view_repository.go:62.120,72.16 4 0
github.com/tktomaru/taskai/taskai-server/internal/repository/view_repository.go:72.16,74.3 1 0
github.com/tktomaru/taskai/taskai-server/internal/repository/view_repository.go:76.2,76.19 1 0
github.com/tktomaru/taskai/taskai-server/internal/repository/view_repository.go:80.84,94.16 3 0
github.com/tktomaru/taskai/taskai-server/internal/repository/view_repository.go:94.16,96.3 1 0
github.com/tktomaru/taskai/taskai-server/internal/repository/view_repository.go:98.2,99.16 2 0
github.com/tktomaru/taskai/taskai-server/internal/repository/view_repository.go:99.16,101.3 1 0
github.com/tktomaru/taskai/taskai-server/internal/repository/view_repository.go:103.2,103.15 1 0
github.com/tktomaru/taskai/taskai-server/internal/repository/view_repository.go:103.15,105.3 1 0
github.com/tktomaru/taskai/taskai-server/internal/repository/view_repository.go:107.2,107.12 1 0
github.com/tktomaru/taskai/taskai-server/internal/repository/view_repository.go:111.86,118.16 3 0
github.com/tktomaru/taskai/taskai-server/internal/repository/view_repository.go:118.16,120.3 1 0
github.com/tktomaru/taskai/taskai-server/internal/repository/view_repository.go:122.2,123.16 2 0
github.com/tktomaru/taskai/taskai-server/internal/repository/view_repository.go:123.16,125.3 1 0
github.com/tktomaru/taskai/taskai-server/internal/repository/view_repository.go:127.2,127.15 1 0
github.com/tktomaru/taskai/taskai-server/internal/repository/view_repository.go:127.15,129.3 1 0
github.com/tktomaru/taskai/taskai-server/internal/repository/view_repository.go:131.2,131.12 1 0
github.com/tktomaru/taskai/taskai-server/internal/repository/view_repository.go:135.86,145.2 3 0
github.com/tktomaru/taskai/taskai-server/internal/repository/view_repository.go:148.116,151.16 3 0
github.com/tktomaru/taskai/taskai-server/internal/repository/view_repository.go:151.16,153.3 1 0
github.com/tktomaru/taskai/taskai-server/internal/repository/view_repository.go:155.2,155.19 1 0
github.com/tktomaru/taskai/taskai-server/internal/database/database.go:19.51,23.16 3 0
github.com/tktomaru/taskai/taskai-server/internal/database/database.go:23.16,25.3 1 0
github.com/tktomaru/taskai/taskai-server/internal/database/database.go:28.2,36.44 6 0
github.com/tktomaru/taskai/taskai-server/internal/database/database.go:36.44,38.3 1 0
github.com/tktomaru/taskai/taskai-server/internal/database/database.go:40.2,40.25 1 0
github.com/tktomaru/taskai/taskai-server/internal/database/database.go:44.29,46.2 1 0
github.com/tktomaru/taskai/taskai-server/internal/database/database.go:49.54,54.64 4 0
github.com/tktomaru/taskai/taskai-server/internal/database/database.go:54.64,56.3 1 0
github.com/tktomaru/taskai/taskai-server/internal/database/database.go:58.2,58.12 1 0
github.com/tktomaru/taskai/taskai-server/internal/database/database.go:62.79,64.16 2 0
github.com/tktomaru/taskai/taskai-server/internal/database/database.go:64.16,66.3 1 0
github.com/tktomaru/taskai/taskai-server/internal/database/database.go:68.2,68.15 1 0
github.com/tktomaru/taskai/taskai-server/internal/database/database.go:68.15,69.31 1 0
github.com/tktomaru/taskai/taskai-server/internal/database/database.go:69.31,71.12 2 0
github.com/tktomaru/taskai/taskai-server/internal/database/database.go:75.2,75.31 1 0
github.com/tktomaru/taskai/taskai-server/internal/database/database.go:75.31,76.43 1 0
github.com/tktomaru/taskai/taskai-server/internal/database/database.go:76.43,78.4 1 0
github.com/tktomaru/taskai/taskai-server/internal/database/database.go:79.3,79.13 1 0
github.com/tktomaru/taskai/taskai-server/internal/database/database.go:82.2,82.36 1 0
github.com/tktomaru/taskai/taskai-server/internal/database/database.go:82.36,84.3 1 0
github.com/tktomaru/taskai/taskai-server/internal/database/database.go:86.2,86.12 1 0
github.com/tktomaru/taskai/taskai-server/internal/config/config.go:61.30,100.39 3 0
github.com/tktomaru/taskai/taskai-server/internal/config/config.go:100.39,102.3 1 0
github.com/tktomaru/taskai/taskai-server/internal/config/config.go:104.2,104.17 1 0
github.com/tktomaru/taskai/taskai-server/internal/config/config.go:108.35,109.31 1 0
github.com/tktomaru/taskai/taskai-server/internal/config/config.go:109.31,111.3 1 0
github.com/tktomaru/taskai/taskai-server/internal/config/config.go:113.2,113.27 1 0
github.com/tktomaru/taskai/taskai-server/internal/config/config.go:113.27,114.92 1 0
github.com/tktomaru/taskai/taskai-server/internal/config/config.go:114.92,116.4 1 0
github.com/tktomaru/taskai/taskai-server/internal/config/config.go:119.2,119.51 1 0
github.com/tktomaru/taskai/taskai-server/internal/config/config.go:119.51,121.3 1 0
github.com/tktomaru/taskai/taskai-server/internal/config/config.go:123.2,123.12 1 0
github.com/tktomaru/taskai/taskai-server/internal/config/config.go:127.42,132.2 1 0
github.com/tktomaru/taskai/taskai-server/internal/config/config.go:136.46,137.42 1 0
github.com/tktomaru/taskai/taskai-server/internal/config/config.go:137.42,139.3 1 0
github.com/tktomaru/taskai/taskai-server/internal/config/config.go:140.2,140.21 1 0
github.com/tktomaru/taskai/taskai-server/internal/config/config.go:143.52,145.20 2 0
github.com/tktomaru/taskai/taskai-server/internal/config/config.go:145.20,147.3 1 0
github.com/tktomaru/taskai/taskai-server/internal/config/config.go:149.2,150.16 2 0
github.com/tktomaru/taskai/taskai-server/internal/config/config.go:150.16,152.3 1 0
github.com/tktomaru/taskai/taskai-server/internal/config/config.go:154.2,154.14 1 0
github.com/tktomaru/taskai/taskai-server/internal/config/config.go:157.77,159.20 2 0
github.com/tktomaru/taskai/taskai-server/internal/config/config.go:159.20,161.3 1 0
github.com/tktomaru/taskai/taskai-server/internal/config/config.go:163.2,164.16 2 0
github.com/tktomaru/taskai/taskai-server/internal/config/config.go:164.16,166.3 1 0
github.com/tktomaru/taskai/taskai-server/internal/config/config.go:168.2,168.14 1 0
github.com/tktomaru/taskai/taskai-server/internal/config/config.go:171.64,173.20 2 0
github.com/tktomaru/taskai/taskai-server/internal/config/config.go:173.20,175.3 1 0
github.com/tktomaru/taskai/taskai-server/internal/config/config.go:179.2,180.43 2 0
github.com/tktomaru/taskai/taskai-server/internal/config/config.go:180.43,181.40 1 0
github.com/tktomaru/taskai/taskai-server/internal/config/config.go:181.40,183.4 1 0
github.com/tktomaru/taskai/taskai-server/internal/config/config.go:186.2,186.22 1 0
github.com/tktomaru/taskai/taskai-server/internal/config/config.go:186.22,188.3 1 0
github.com/tktomaru/taskai/taskai-server/internal/config/config.go:190.2,190.15 1 0
github.com/tktomaru/taskai/taskai-server/internal/config/config.go:194.38,198.25 3 0
github.com/tktomaru/taskai/taskai-server/internal/config/config.go:198.25,199.18 1 0
github.com/tktomaru/taskai/taskai-server/internal/config/config.go:199.18,202.4 2 0
github.com/tktomaru/taskai/taskai-server/internal/config/config.go:202.9,204.4 1 0
github.com/tktomaru/taskai/taskai-server/internal/config/config.go:207.2,207.19 1 0
github.com/tktomaru/taskai/taskai-server/internal/config/config.go:207.19,209.3 1 0
github.com/tktomaru/taskai/taskai-server/internal/config/config.go:211.2,211.15 1 0
github.com/tktomaru/taskai/taskai-server/internal/config/config.go:214.28,218.99 3 0
github.com/tktomaru/taskai/taskai-server/internal/config/config.go:218.99,220.3 1 0
github.com/tktomaru/taskai/taskai-server/internal/config/config.go:222.2,222.99 1 0
github.com/tktomaru/taskai/taskai-server/internal/config/config.go:222.99,224.3 1 0
github.com/tktomaru/taskai/taskai-server/internal/config/config.go:226.2,226.21 1 0
github.com/tktomaru/taskai/taskai-server/internal/search/meilisearch.go:43.83,55.40 3 0
github.com/tktomaru/taskai/taskai-server/internal/search/meilisearch.go:55.40,57.3 1 0
github.com/tktomaru/taskai/taskai-server/internal/search/meilisearch.go:59.2,59.16 1 0
github.com/tktomaru/taskai/taskai-server/internal/search/meilisearch.go:63.49,71.16 3 0
github.com/tktomaru/taskai/taskai-server/internal/search/meilisearch.go:71.16,73.42 1 0
github.com/tktomaru/taskai/taskai-server/internal/search/meilisearch.go:73.42,75.4 1 0
github.com/tktomaru/taskai/taskai-server/internal/search/meilisearch.go:79.2,88.16 3 0
github.com/tktomaru/taskai/taskai-server/internal/search/meilisearch.go:88.16,90.3 1 0
github.com/tktomaru/taskai/taskai-server/internal/search/meilisearch.go:93.2,104.16 2 0
github.com/tktomaru/taskai/taskai-server/internal/search/meilisearch.go:104.16,106.3 1 0
github.com/tktomaru/taskai/taskai-server/internal/search/meilisearch.go:109.2,116.16 2 0
github.com/tktomaru/taskai/taskai-server/internal/search/meilisearch.go:116.16,118.3 1 0
github.com/tktomaru/taskai/taskai-server/internal/search/meilisearch.go:121.2,129.16 2 0
github.com/tktomaru/taskai/taskai-server/internal/search/meilisearch.go:129.16,131.3 1 0
github.com/tktomaru/taskai/taskai-server/internal/search/meilisearch.go:134.2,136.12 2 0
github.com/tktomaru/taskai/taskai-server/internal/search/meilisearch.go:140.86,145.16 4 0
github.com/tktomaru/taskai/taskai-server/internal/search/meilisearch.go:145.16,147.3 1 0
github.com/tktomaru/taskai/taskai-server/internal/search/meilisearch.go:149.2,149.12 1 0
github.com/tktomaru/taskai/taskai-server/internal/search/meilisearch.go:153.90,154.21 1 0
github.com/tktomaru/taskai/taskai-server/internal/search/meilisearch.go:154.21,156.3 1 0
github.com/tktomaru/taskai/taskai-server/internal/search/meilisearch.go:158.2,159.29 2 0
github.com/tktomaru/taskai/taskai-server/internal/search/meilisearch.go:159.29,161.3 1 0
github.com/tktomaru/taskai/taskai-server/internal/search/meilisearch.go:163.2,165.16 3 0
github.com/tktomaru/taskai/taskai-server/internal/search/meilisearch.go:165.16,167.3 1 0
github.com/tktomaru/taskai/taskai-server/internal/search/meilisearch.go:169.2,169.12 1 0
github.com/tktomaru/taskai/taskai-server/internal/search/meilisearch.go:173.87,175.2 1 0
github.com/tktomaru/taskai/taskai-server/internal/search/meilisearch.go:178.83,181.16 3 0
github.com/tktomaru/taskai/taskai-server/internal/search/meilisearch.go:181.16,183.3 1 0
github.com/tktomaru/taskai/taskai-server/internal/search/meilisearch.go:185.2,185.12 1 0
github.com/tktomaru/taskai/taskai-server/internal/search/meilisearch.go:189.156,195.66 3 0
github.com/tktomaru/taskai/taskai-server/internal/search/meilisearch.go:195.66,197.3 1 0
github.com/tktomaru/taskai/taskai-server/internal/search/meilisearch.go:199.2,199.72 1 0
github.com/tktomaru/taskai/taskai-server/internal/search/meilisearch.go:199.72,201.3 1 0
github.com/tktomaru/taskai/taskai-server/internal/search/meilisearch.go:203.2,203.80 1 0
github.com/tktomaru/taskai/taskai-server/internal/search/meilisearch.go:203.80,204.38 1 0
github.com/tktomaru/taskai/taskai-server/internal/search/meilisearch.go:204.38,206.4 1 0
github.com/tktomaru/taskai/taskai-server/internal/search/meilisearch.go:209.2,209.16 1 0
github.com/tktomaru/taskai/taskai-server/internal/search/meilisearch.go:209.16,211.3 1 0
github.com/tktomaru/taskai/taskai-server/internal/search/meilisearch.go:214.2,221.16 2 0
github.com/tktomaru/taskai/taskai-server/internal/search/meilisearch.go:221.16,223.3 1 0
github.com/tktomaru/taskai/taskai-server/internal/search/meilisearch.go:226.2,227.37 2 0
github.com/tktomaru/taskai/taskai-server/internal/search/meilisearch.go:227.37,230.10 2 0
github.com/tktomaru/taskai/taskai-server/internal/search/meilisearch.go:230.10,231.12 1 0
github.com/tktomaru/taskai/taskai-server/internal/search/meilisearch.go:234.3,243.63 2 0
github.com/tktomaru/taskai/taskai-server/internal/search/meilisearch.go:243.63,245.32 2 0
github.com/tktomaru/taskai/taskai-server/internal/search/meilisearch.go:245.32,246.32 1 0
github.com/tktomaru/taskai/taskai-server/internal/search/meilisearch.go:246.32,248.6 1 0
github.com/tktomaru/taskai/taskai-server/internal/search/meilisearch.go:252.3,252.57 1 0
github.com/tktomaru/taskai/taskai-server/internal/search/meilisearch.go:252.57,254.29 2 0
github.com/tktomaru/taskai/taskai-server/internal/search/meilisearch.go:254.29,255.32 1 0
github.com/tktomaru/taskai/taskai-server/internal/search/meilisearch.go:255.32,257.6 1 0
github.com/tktomaru/taskai/taskai-server/internal/search/meilisearch.go:261.3,261.27 1 0
github.com/tktomaru/taskai/taskai-server/internal/search/meilisearch.go:264.2,269.8 1 0
github.com/tktomaru/taskai/taskai-server/internal/search/meilisearch.go:273.69,275.16 2 0
github.com/tktomaru/taskai/taskai-server/internal/search/meilisearch.go:275.16,277.3 1 0
github.com/tktomaru/taskai/taskai-server/internal/search/meilisearch.go:278.2,278.12 1 0
github.com/tktomaru/taskai/taskai-server/internal/search/meilisearch.go:282.77,296.25 2 0
github.com/tktomaru/taskai/taskai-server/internal/search/meilisearch.go:296.25,299.3 2 0
github.com/tktomaru/taskai/taskai-server/internal/search/meilisearch.go:301.2,301.27 1 0
github.com/tktomaru/taskai/taskai-server/internal/search/meilisearch.go:301.27,304.3 2 0
github.com/tktomaru/taskai/taskai-server/internal/search/meilisearch.go:306.2,306.12 1 0
github.com/tktomaru/taskai/taskai-server/internal/search/meilisearch.go:311.52,312.16 1 0
github.com/tktomaru/taskai/taskai-server/internal/search/meilisearch.go:312.16,314.3 1 0
github.com/tktomaru/taskai/taskai-server/internal/search/meilisearch.go:316.2,316.14 1 0
github.com/tktomaru/taskai/taskai-server/internal/search/meilisearch.go:319.66,320.34 1 0
github.com/tktomaru/taskai/taskai-server/internal/search/meilisearch.go:320.34,322.3 1 0
github.com/tktomaru/taskai/taskai-server/internal/search/meilisearch.go:323.2,323.11 1 0
github.com/tktomaru/taskai/taskai-server/internal/models/models.go:183.52,184.14 1 0
github.com/tktomaru/taskai/taskai-server/internal/models/models.go:184.14,186.3 1 0
github.com/tktomaru/taskai/taskai-server/internal/models/models.go:187.2,187.17 1 0
github.com/tktomaru/taskai/taskai-server/internal/models/models.go:187.17,189.3 1 0
github.com/tktomaru/taskai/taskai-server/internal/models/models.go:192.2,193.22 2 0
github.com/tktomaru/taskai/taskai-server/internal/models/models.go:193.22,194.12 1 0
github.com/tktomaru/taskai/taskai-server/internal/models/models.go:194.12,196.4 1 0
github.com/tktomaru/taskai/taskai-server/internal/models/models.go:198.3,199.23 2 0
github.com/tktomaru/taskai/taskai-server/internal/models/models.go:199.23,200.29 1 0
github.com/tktomaru/taskai/taskai-server/internal/models/models.go:200.29,202.5 1 0
github.com/tktomaru/taskai/taskai-server/internal/models/models.go:203.4,203.24 1 0
github.com/tktomaru/taskai/taskai-server/internal/models/models.go:205.3,205.27 1 0
github.com/tktomaru/taskai/taskai-server/internal/models/models.go:207.2,209.15 2 0
github.com/tktomaru/taskai/taskai-server/internal/models/models.go:213.53,214.18 1 0
github.com/tktomaru/taskai/taskai-server/internal/models/models.go:214.18,217.3 2 0
github.com/tktomaru/taskai/taskai-server/internal/models/models.go:219.2,219.27 1 0
github.com/tktomaru/taskai/taskai-server/internal/models/models.go:220.14,221.24 1 0
github.com/tktomaru/taskai/taskai-server/internal/models/models.go:222.14,223.32 1 0
github.com/tktomaru/taskai/taskai-server/internal/models/models.go:224.10,225.67 1 0
github.com/tktomaru/taskai/taskai-server/internal/models/models.go:229.51,232.42 1 0
github.com/tktomaru/taskai/taskai-server/internal/models/models.go:232.42,235.3 2 0
github.com/tktomaru/taskai/taskai-server/internal/models/models.go:238.2,238.45 1 0
github.com/tktomaru/taskai/taskai-server/internal/models/models.go:238.45,240.3 1 0
github.com/tktomaru/taskai/taskai-server/internal/models/models.go:243.2,247.32 4 0
github.com/tktomaru/taskai/taskai-server/internal/models/models.go:247.32,250.47 2 0
github.com/tktomaru/taskai/taskai-server/internal/models/models.go:250.47,252.12 2 0
github.com/tktomaru/taskai/taskai-server/internal/models/models.go:255.3,255.27 1 0
github.com/tktomaru/taskai/taskai-server/internal/models/models.go:255.27,258.12 3 0
github.com/tktomaru/taskai/taskai-server/internal/models/models.go:261.3,261.23 1 0
github.com/tktomaru/taskai/taskai-server/internal/models/models.go:264.2,264.19 1 0
github.com/tktomaru/taskai/taskai-server/internal/models/models.go:264.19,266.3 1 0
github.com/tktomaru/taskai/taskai-server/internal/models/models.go:268.2,269.12 2 0
github.com/tktomaru/taskai/taskai-server/internal/models/models.go:276.46,277.14 1 0
github.com/tktomaru/taskai/taskai-server/internal/models/models.go:277.14,279.3 1 0
github.com/tktomaru/taskai/taskai-server/internal/models/models.go:280.2,280.24 1 0
github.com/tktomaru/taskai/taskai-server/internal/models/models.go:284.47,285.18 1 0
github.com/tktomaru/taskai/taskai-server/internal/models/models.go:285.18,288.3 2 0
github.com/tktomaru/taskai/taskai-server/internal/models/models.go:290.2,291.27 2 0
github.com/tktomaru/taskai/taskai-server/internal/models/models.go:292.14,293.11 1 0
github.com/tktomaru/taskai/taskai-server/internal/models/models.go:294.14,295.19 1 0
github.com/tktomaru/taskai/taskai-server/internal/models/models.go:296.10,297.61 1 0
github.com/tktomaru/taskai/taskai-server/internal/models/models.go:300.2,300.32 1 0
github.com/tktomaru/taskai/taskai-server/internal/parser/markdown.go:37.42,39.2 1 1
github.com/tktomaru/taskai/taskai-server/internal/parser/markdown.go:42.70,45.16 2 5
github.com/tktomaru/taskai/taskai-server/internal/parser/markdown.go:45.16,47.3 1 2
github.com/tktomaru/taskai/taskai-server/internal/parser/markdown.go:50.2,51.71 2 3
github.com/tktomaru/taskai/taskai-server/internal/parser/markdown.go:51.71,53.3 1 0
github.com/tktomaru/taskai/taskai-server/internal/parser/markdown.go:56.2,56.54 1 3
github.com/tktomaru/taskai/taskai-server/internal/parser/markdown.go:56.54,58.3 1 2
github.com/tktomaru/taskai/taskai-server/internal/parser/markdown.go:60.2,64.8 1 1
github.com/tktomaru/taskai/taskai-server/internal/parser/markdown.go:68.101,73.23 3 5
github.com/tktomaru/taskai/taskai-server/internal/parser/markdown.go:73.23,75.3 1 1
github.com/tktomaru/taskai/taskai-server/internal/parser/markdown.go:77.2,84.22 4 4
github.com/tktomaru/taskai/taskai-server/internal/parser/markdown.go:84.22,86.3 1 1
github.com/tktomaru/taskai/taskai-server/internal/parser/markdown.go:88.2,94.38 4 3
github.com/tktomaru/taskai/taskai-server/internal/parser/markdown.go:98.69,99.19 1 3
github.com/tktomaru/taskai/taskai-server/internal/parser/markdown.go:99.19,101.3 1 0
github.com/tktomaru/taskai/taskai-server/internal/parser/markdown.go:103.2,103.23 1 3
github.com/tktomaru/taskai/taskai-server/internal/parser/markdown.go:103.23,105.3 1 0
github.com/tktomaru/taskai/taskai-server/internal/parser/markdown.go:107.2,107.25 1 3
github.com/tktomaru/taskai/taskai-server/internal/parser/markdown.go:107.25,109.3 1 0
github.com/tktomaru/taskai/taskai-server/internal/parser/markdown.go:112.2,116.33 2 3
github.com/tktomaru/taskai/taskai-server/internal/parser/markdown.go:116.33,118.3 1 1
github.com/tktomaru/taskai/taskai-server/internal/parser/markdown.go:121.2,124.37 2 2
github.com/tktomaru/taskai/taskai-server/internal/parser/markdown.go:124.37,126.3 1 1
github.com/tktomaru/taskai/taskai-server/internal/parser/markdown.go:128.2,128.12 1 1
github.com/tktomaru/taskai/taskai-server/internal/parser/markdown.go:132.70,146.34 2 0
github.com/tktomaru/taskai/taskai-server/internal/parser/markdown.go:146.34,148.17 2 0
github.com/tktomaru/taskai/taskai-server/internal/parser/markdown.go:148.17,150.4 1 0
github.com/tktomaru/taskai/taskai-server/internal/parser/markdown.go:151.3,151.30 1 0
github.com/tktomaru/taskai/taskai-server/internal/parser/markdown.go:154.2,154.32 1 0
github.com/tktomaru/taskai/taskai-server/internal/parser/markdown.go:154.32,156.17 2 0
github.com/tktomaru/taskai/taskai-server/internal/parser/markdown.go:156.17,158.4 1 0
github.com/tktomaru/taskai/taskai-server/internal/parser/markdown.go:159.3,159.26 1 0
github.com/tktomaru/taskai/taskai-server/internal/parser/markdown.go:162.2,162.18 1 0
github.com/tktomaru/taskai/taskai-server/internal/parser/markdown.go:166.51,168.2 1 0
github.com/tktomaru/taskai/taskai-server/internal/parser/markdown.go:171.58,178.32 4 1
github.com/tktomaru/taskai/taskai-server/internal/parser/markdown.go:178.32,179.22 1 4
github.com/tktomaru/taskai/taskai-server/internal/parser/markdown.go:179.22,181.4 1 4
github.com/tktomaru/taskai/taskai-server/internal/parser/markdown.go:184.2,184.17 1 1
github.com/tktomaru/taskai/taskai-server/internal/parser/markdown.go:188.49,200.29 7 0
github.com/tktomaru/taskai/taskai-server/internal/parser/markdown.go:200.29,202.43 2 0
github.com/tktomaru/taskai/taskai-server/internal/parser/markdown.go:202.43,203.13 1 0
github.com/tktomaru/taskai/taskai-server/internal/parser/markdown.go:203.13,205.5 1 0
github.com/tktomaru/taskai/taskai-server/internal/parser/markdown.go:206.4,206.28 1 0
github.com/tktomaru/taskai/taskai-server/internal/parser/markdown.go:208.3,208.24 1 0
github.com/tktomaru/taskai/taskai-server/internal/parser/markdown.go:211.2,211.27 1 0
github.com/tktomaru/taskai/taskai-server/internal/parser/markdown.go:211.27,213.3 1 0
github.com/tktomaru/taskai/taskai-server/internal/parser/markdown.go:215.2,215.25 1 0
github.com/tktomaru/taskai/taskai-server/internal/parser/markdown.go:215.25,217.3 1 0
github.com/tktomaru/taskai/taskai-server/internal/parser/markdown.go:219.2,219.26 1 0
github.com/tktomaru/taskai/taskai-server/internal/parser/markdown.go:219.26,221.37 2 0
github.com/tktomaru/taskai/taskai-server/internal/parser/markdown.go:221.37,222.13 1 0
github.com/tktomaru/taskai/taskai-server/internal/parser/markdown.go:222.13,224.5 1 0
github.com/tktomaru/taskai/taskai-server/internal/parser/markdown.go:225.4,225.25 1 0
github.com/tktomaru/taskai/taskai-server/internal/parser/markdown.go:227.3,227.24 1 0
github.com/tktomaru/taskai/taskai-server/internal/parser/markdown.go:230.2,236.20 4 0
github.com/tktomaru/taskai/taskai-server/internal/parser/markdown.go:240.42,245.18 3 0
github.com/tktomaru/taskai/taskai-server/internal/parser/markdown.go:245.18,247.3 1 0
github.com/tktomaru/taskai/taskai-server/internal/parser/markdown.go:250.2,250.47 1 0
github.com/tktomaru/taskai/taskai-server/internal/query/parser.go:14.36,16.2 1 2
github.com/tktomaru/taskai/taskai-server/internal/query/parser.go:48.68,57.31 3 14
github.com/tktomaru/taskai/taskai-server/internal/query/parser.go:57.31,59.18 2 20
github.com/tktomaru/taskai/taskai-server/internal/query/parser.go:59.18,60.12 1 0
github.com/tktomaru/taskai/taskai-server/internal/query/parser.go:64.3,64.40 1 20
github.com/tktomaru/taskai/taskai-server/internal/query/parser.go:64.40,66.18 2 1
github.com/tktomaru/taskai/taskai-server/internal/query/parser.go:66.18,68.5 1 0
github.com/tktomaru/taskai/taskai-server/internal/query/parser.go:69.4,70.12 2 1
github.com/tktomaru/taskai/taskai-server/internal/query/parser.go:73.3,73.41 1 19
github.com/tktomaru/taskai/taskai-server/internal/query/parser.go:73.41,75.18 2 0
github.com/tktomaru/taskai/taskai-server/internal/query/parser.go:75.18,77.5 1 0
github.com/tktomaru/taskai/taskai-server/internal/query/parser.go:78.4,79.12 2 0
github.com/tktomaru/taskai/taskai-server/internal/query/parser.go:82.3,82.41 1 19
github.com/tktomaru/taskai/taskai-server/internal/query/parser.go:82.41,84.18 2 1
github.com/tktomaru/taskai/taskai-server/internal/query/parser.go:84.18,86.5 1 0
github.com/tktomaru/taskai/taskai-server/internal/query/parser.go:87.4,88.12 2 1
github.com/tktomaru/taskai/taskai-server/internal/query/parser.go:91.3,91.40 1 18
github.com/tktomaru/taskai/taskai-server/internal/query/parser.go:91.40,93.12 2 0
github.com/tktomaru/taskai/taskai-server/internal/query/parser.go:96.3,96.40 1 18
github.com/tktomaru/taskai/taskai-server/internal/query/parser.go:96.40,98.18 2 0
github.com/tktomaru/taskai/taskai-server/internal/query/parser.go:98.18,100.5 1 0
github.com/tktomaru/taskai/taskai-server/internal/query/parser.go:101.4,102.12 2 0
github.com/tktomaru/taskai/taskai-server/internal/query/parser.go:106.3,107.17 2 18
github.com/tktomaru/taskai/taskai-server/internal/query/parser.go:107.17,109.4 1 0
github.com/tktomaru/taskai/taskai-server/internal/query/parser.go:111.3,111.51 1 18
github.com/tktomaru/taskai/taskai-server/internal/query/parser.go:114.2,114.20 1 14
github.com/tktomaru/taskai/taskai-server/internal/query/parser.go:118.55,124.27 5 14
github.com/tktomaru/taskai/taskai-server/internal/query/parser.go:124.27,125.13 1 263
github.com/tktomaru/taskai/taskai-server/internal/query/parser.go:126.12,128.25 2 2
github.com/tktomaru/taskai/taskai-server/internal/query/parser.go:129.12,131.25 2 2
github.com/tktomaru/taskai/taskai-server/internal/query/parser.go:132.12,134.25 2 0
github.com/tktomaru/taskai/taskai-server/internal/query/parser.go:135.12,136.32 1 9
github.com/tktomaru/taskai/taskai-server/internal/query/parser.go:136.32,138.5 1 2
github.com/tktomaru/taskai/taskai-server/internal/query/parser.go:138.10,139.26 1 7
github.com/tktomaru/taskai/taskai-server/internal/query/parser.go:139.26,142.6 2 7
github.com/tktomaru/taskai/taskai-server/internal/query/parser.go:144.11,145.25 1 250
github.com/tktomaru/taskai/taskai-server/internal/query/parser.go:149.3,149.45 1 263
github.com/tktomaru/taskai/taskai-server/internal/query/parser.go:149.45,151.4 1 13
github.com/tktomaru/taskai/taskai-server/internal/query/parser.go:154.2,154.15 1 14
github.com/tktomaru/taskai/taskai-server/internal/query/parser.go:158.66,160.35 2 18
github.com/tktomaru/taskai/taskai-server/internal/query/parser.go:160.35,163.3 2 2
github.com/tktomaru/taskai/taskai-server/internal/query/parser.go:166.2,167.21 2 18
github.com/tktomaru/taskai/taskai-server/internal/query/parser.go:167.21,169.3 1 0
github.com/tktomaru/taskai/taskai-server/internal/query/parser.go:171.2,178.39 5 18
github.com/tktomaru/taskai/taskai-server/internal/query/parser.go:178.39,181.3 2 0
github.com/tktomaru/taskai/taskai-server/internal/query/parser.go:181.8,181.46 1 18
github.com/tktomaru/taskai/taskai-server/internal/query/parser.go:181.46,184.3 2 0
github.com/tktomaru/taskai/taskai-server/internal/query/parser.go:184.8,184.45 1 18
github.com/tktomaru/taskai/taskai-server/internal/query/parser.go:184.45,187.3 2 0
github.com/tktomaru/taskai/taskai-server/internal/query/parser.go:187.8,187.45 1 18
github.com/tktomaru/taskai/taskai-server/internal/query/parser.go:187.45,190.3 2 1
github.com/tktomaru/taskai/taskai-server/internal/query/parser.go:193.2,193.68 1 18
github.com/tktomaru/taskai/taskai-server/internal/query/parser.go:193.68,201.28 5 2
github.com/tktomaru/taskai/taskai-server/internal/query/parser.go:201.28,203.15 2 4
github.com/tktomaru/taskai/taskai-server/internal/query/parser.go:203.15,205.5 1 4
github.com/tktomaru/taskai/taskai-server/internal/query/parser.go:208.3,213.9 1 2
github.com/tktomaru/taskai/taskai-server/internal/query/parser.go:217.2,217.22 1 16
github.com/tktomaru/taskai/taskai-server/internal/query/parser.go:217.22,219.17 2 4
github.com/tktomaru/taskai/taskai-server/internal/query/parser.go:219.17,221.4 1 2
github.com/tktomaru/taskai/taskai-server/internal/query/parser.go:224.2,229.8 1 16
github.com/tktomaru/taskai/taskai-server/internal/query/parser.go:233.68,240.39 4 1
github.com/tktomaru/taskai/taskai-server/internal/query/parser.go:240.39,243.3 2 0
github.com/tktomaru/taskai/taskai-server/internal/query/parser.go:243.8,243.45 1 1
github.com/tktomaru/taskai/taskai-server/internal/query/parser.go:243.45,245.3 1 0
github.com/tktomaru/taskai/taskai-server/internal/query/parser.go:247.2,250.8 1 1
github.com/tktomaru/taskai/taskai-server/internal/query/parser.go:254.70,260.2 2 0
github.com/tktomaru/taskai/taskai-server/internal/query/parser.go:263.61,267.16 4 1
github.com/tktomaru/taskai/taskai-server/internal/query/parser.go:267.16,269.3 1 0
github.com/tktomaru/taskai/taskai-server/internal/query/parser.go:270.2,270.19 1 1
github.com/tktomaru/taskai/taskai-server/internal/query/parser.go:274.68,281.27 6 0
github.com/tktomaru/taskai/taskai-server/internal/query/parser.go:281.27,283.16 2 0
github.com/tktomaru/taskai/taskai-server/internal/query/parser.go:283.16,285.4 1 0
github.com/tktomaru/taskai/taskai-server/internal/query/parser.go:288.2,288.23 1 0
github.com/tktomaru/taskai/taskai-server/internal/query/parser.go:292.72,295.14 2 4
github.com/tktomaru/taskai/taskai-server/internal/query/parser.go:296.15,297.39 1 1
github.com/tktomaru/taskai/taskai-server/internal/query/parser.go:298.19,299.57 1 0
github.com/tktomaru/taskai/taskai-server/internal/query/parser.go:300.18,301.56 1 0
github.com/tktomaru/taskai/taskai-server/internal/query/parser.go:305.2,305.25 1 3
github.com/tktomaru/taskai/taskai-server/internal/query/parser.go:305.25,308.19 2 1
github.com/tktomaru/taskai/taskai-server/internal/query/parser.go:308.19,310.4 1 1
github.com/tktomaru/taskai/taskai-server/internal/query/parser.go:311.3,312.42 2 1
github.com/tktomaru/taskai/taskai-server/internal/query/parser.go:316.2,317.71 2 2
github.com/tktomaru/taskai/taskai-server/internal/query/parser.go:317.71,321.3 3 0
github.com/tktomaru/taskai/taskai-server/internal/query/parser.go:324.2,324.23 1 2
github.com/tktomaru/taskai/taskai-server/internal/query/parser.go:324.23,326.3 1 0
github.com/tktomaru/taskai/taskai-server/internal/query/parser.go:328.2,328.58 1 2
github.com/tktomaru/taskai/taskai-server/internal/query/parser.go:332.37,340.2 2 16
github.com/tktomaru/taskai/taskai-server/internal/query/sql_builder.go:12.34,14.2 1 4
github.com/tktomaru/taskai/taskai-server/internal/query/sql_builder.go:23.89,33.40 4 8
github.com/tktomaru/taskai/taskai-server/internal/query/sql_builder.go:33.40,35.17 2 10
github.com/tktomaru/taskai/taskai-server/internal/query/sql_builder.go:35.17,37.4 1 0
github.com/tktomaru/taskai/taskai-server/internal/query/sql_builder.go:39.3,40.45 2 10
github.com/tktomaru/taskai/taskai-server/internal/query/sql_builder.go:44.2,44.24 1 8
github.com/tktomaru/taskai/taskai-server/internal/query/sql_builder.go:44.24,47.3 2 1
github.com/tktomaru/taskai/taskai-server/internal/query/sql_builder.go:47.8,50.3 1 7
github.com/tktomaru/taskai/taskai-server/internal/query/sql_builder.go:53.2,53.22 1 8
github.com/tktomaru/taskai/taskai-server/internal/query/sql_builder.go:53.22,57.3 3 2
github.com/tktomaru/taskai/taskai-server/internal/query/sql_builder.go:59.2,60.20 2 8
github.com/tktomaru/taskai/taskai-server/internal/query/sql_builder.go:64.104,70.25 3 10
github.com/tktomaru/taskai/taskai-server/internal/query/sql_builder.go:71.11,74.20 3 10
github.com/tktomaru/taskai/taskai-server/internal/query/sql_builder.go:74.20,76.4 1 1
github.com/tktomaru/taskai/taskai-server/internal/query/sql_builder.go:77.3,78.30 2 10
github.com/tktomaru/taskai/taskai-server/internal/query/sql_builder.go:80.12,83.20 3 0
github.com/tktomaru/taskai/taskai-server/internal/query/sql_builder.go:83.20,85.4 1 0
github.com/tktomaru/taskai/taskai-server/internal/query/sql_builder.go:86.3,87.30 2 0
github.com/tktomaru/taskai/taskai-server/internal/query/sql_builder.go:89.28,92.20 3 0
github.com/tktomaru/taskai/taskai-server/internal/query/sql_builder.go:92.20,94.20 1 0
github.com/tktomaru/taskai/taskai-server/internal/query/sql_builder.go:95.13,96.20 1 0
github.com/tktomaru/taskai/taskai-server/internal/query/sql_builder.go:97.13,98.20 1 0
github.com/tktomaru/taskai/taskai-server/internal/query/sql_builder.go:99.14,100.19 1 0
github.com/tktomaru/taskai/taskai-server/internal/query/sql_builder.go:101.14,102.19 1 0
github.com/tktomaru/taskai/taskai-server/internal/query/sql_builder.go:105.3,107.30 3 0
github.com/tktomaru/taskai/taskai-server/internal/query/sql_builder.go:109.12,112.10 2 0
github.com/tktomaru/taskai/taskai-server/internal/query/sql_builder.go:112.10,114.4 1 0
github.com/tktomaru/taskai/taskai-server/internal/query/sql_builder.go:116.3,116.33 1 0
github.com/tktomaru/taskai/taskai-server/internal/query/sql_builder.go:116.33,120.21 3 0
github.com/tktomaru/taskai/taskai-server/internal/query/sql_builder.go:120.21,122.5 1 0
github.com/tktomaru/taskai/taskai-server/internal/query/sql_builder.go:123.4,124.31 2 0
github.com/tktomaru/taskai/taskai-server/internal/query/sql_builder.go:125.9,129.21 3 0
github.com/tktomaru/taskai/taskai-server/internal/query/sql_builder.go:129.21,131.5 1 0
github.com/tktomaru/taskai/taskai-server/internal/query/sql_builder.go:132.4,133.31 2 0
github.com/tktomaru/taskai/taskai-server/internal/query/sql_builder.go:136.10,137.74 1 0
github.com/tktomaru/taskai/taskai-server/internal/query/sql_builder.go:142.64,147.30 3 1
github.com/tktomaru/taskai/taskai-server/internal/query/sql_builder.go:147.30,149.22 1 1
github.com/tktomaru/taskai/taskai-server/internal/query/sql_builder.go:149.22,151.4 1 0
github.com/tktomaru/taskai/taskai-server/internal/query/sql_builder.go:152.3,152.34 1 1
github.com/tktomaru/taskai/taskai-server/internal/query/sql_builder.go:155.2,155.55 1 0
github.com/tktomaru/taskai/taskai-server/internal/query/sql_builder.go:159.62,173.33 2 11
github.com/tktomaru/taskai/taskai-server/internal/query/sql_builder.go:173.33,175.3 1 11
github.com/tktomaru/taskai/taskai-server/internal/query/sql_builder.go:177.2,177.12 1 0
github.com/tktomaru/taskai/taskai-server/internal/query/sql_builder.go:181.52,187.2 2 0
github.com/tktomaru/taskai/taskai-server/internal/models/models.go:183.52,184.14 1 0
github.com/tktomaru/taskai/taskai-server/internal/models/models.go:184.14,186.3 1 0
github.com/tktomaru/taskai/taskai-server/internal/models/models.go:187.2,187.17 1 0
github.com/tktomaru/taskai/taskai-server/internal/models/models.go:187.17,189.3 1 0
github.com/tktomaru/taskai/taskai-server/internal/models/models.go:192.2,193.22 2 0
github.com/tktomaru/taskai/taskai-server/internal/models/models.go:193.22,194.12 1 0
github.com/tktomaru/taskai/taskai-server/internal/models/models.go:194.12,196.4 1 0
github.com/tktomaru/taskai/taskai-server/internal/models/models.go:198.3,199.23 2 0
github.com/tktomaru/taskai/taskai-server/internal/models/models.go:199.23,200.29 1 0
github.com/tktomaru/taskai/taskai-server/internal/models/models.go:200.29,202.5 1 0
github.com/tktomaru/taskai/taskai-server/internal/models/models.go:203.4,203.24 1 0
github.com/tktomaru/taskai/taskai-server/internal/models/models.go:205.3,205.27 1 0
github.com/tktomaru/taskai/taskai-server/internal/models/models.go:207.2,209.15 2 0
github.com/tktomaru/taskai/taskai-server/internal/models/models.go:213.53,214.18 1 0
github.com/tktomaru/taskai/taskai-server/internal/models/models.go:214.18,217.3 2 0
github.com/tktomaru/taskai/taskai-server/internal/models/models.go:219.2,219.27 1 0
github.com/tktomaru/taskai/taskai-server/internal/models/models.go:220.14,221.24 1 0
github.com/tktomaru/taskai/taskai-server/internal/models/models.go:222.14,223.32 1 0
github.com/tktomaru/taskai/taskai-server/internal/models/models.go:224.10,225.67 1 0
github.com/tktomaru/taskai/taskai-server/internal/models/models.go:229.51,232.42 1 0
github.com/tktomaru/taskai/taskai-server/internal/models/models.go:232.42,235.3 2 0
github.com/tktomaru/taskai/taskai-server/internal/models/models.go:238.2,238.45 1 0
github.com/tktomaru/taskai/taskai-server/internal/models/models.go:238.45,240.3 1 0
github.com/tktomaru/taskai/taskai-server/internal/models/models.go:243.2,247.32 4 0
github.com/tktomaru/taskai/taskai-server/internal/models/models.go:247.32,250.47 2 0
github.com/tktomaru/taskai/taskai-server/internal/models/models.go:250.47,252.12 2 0
github.com/tktomaru/taskai/taskai-server/internal/models/models.go:255.3,255.27 1 0
github.com/tktomaru/taskai/taskai-server/internal/models/models.go:255.27,258.12 3 0
github.com/tktomaru/taskai/taskai-server/internal/models/models.go:261.3,261.23 1 0
github.com/tktomaru/taskai/taskai-server/internal/models/models.go:264.2,264.19 1 0
github.com/tktomaru/taskai/taskai-server/internal/models/models.go:264.19,266.3 1 0
github.com/tktomaru/taskai/taskai-server/internal/models/models.go:268.2,269.12 2 0
github.com/tktomaru/taskai/taskai-server/internal/models/models.go:276.46,277.14 1 0
github.com/tktomaru/taskai/taskai-server/internal/models/models.go:277.14,279.3 1 0
github.com/tktomaru/taskai/taskai-server/internal/models/models.go:280.2,280.24 1 0
github.com/tktomaru/taskai/taskai-server/internal/models/models.go:284.47,285.18 1 0
github.com/tktomaru/taskai/taskai-server/internal/models/models.go:285.18,288.3 2 0
github.com/tktomaru/taskai/taskai-server/internal/models/models.go:290.2,291.27 2 0
github.com/tktomaru/taskai/taskai-server/internal/models/models.go:292.14,293.11 1 0
github.com/tktomaru/taskai/taskai-server/internal/models/models.go:294.14,295.19 1 0
github.com/tktomaru/taskai/taskai-server/internal/models/models.go:296.10,297.61 1 0
github.com/tktomaru/taskai/taskai-server/internal/models/models.go:300.2,300.32 1 0
github.com/tktomaru/taskai/taskai-server/internal/repository/project_repository.go:18.59,20.2 1 0
github.com/tktomaru/taskai/taskai-server/internal/repository/project_repository.go:23.88,33.16 3 0
github.com/tktomaru/taskai/taskai-server/internal/repository/project_repository.go:33.16,35.3 1 0
github.com/tktomaru/taskai/taskai-server/internal/repository/project_repository.go:37.2,37.12 1 0
github.com/tktomaru/taskai/taskai-server/internal/repository/project_repository.go:41.101,49.16 4 0
github.com/tktomaru/taskai/taskai-server/internal/repository/project_repository.go:49.16,50.27 1 0
github.com/tktomaru/taskai/taskai-server/internal/repository/project_repository.go:50.27,52.4 1 0
github.com/tktomaru/taskai/taskai-server/internal/repository/project_repository.go:53.3,53.59 1 0
github.com/tktomaru/taskai/taskai-server/internal/repository/project_repository.go:56.2,56.22 1 0
github.com/tktomaru/taskai/taskai-server/internal/repository/project_repository.go:60.82,69.16 4 0
github.com/tktomaru/taskai/taskai-server/internal/repository/project_repository.go:69.16,71.3 1 0
github.com/tktomaru/taskai/taskai-server/internal/repository/project_repository.go:73.2,73.22 1 0
github.com/tktomaru/taskai/taskai-server/internal/repository/project_repository.go:77.88,89.16 3 0
github.com/tktomaru/taskai/taskai-server/internal/repository/project_repository.go:89.16,91.3 1 0
github.com/tktomaru/taskai/taskai-server/internal/repository/project_repository.go:93.2,94.16 2 0
github.com/tktomaru/taskai/taskai-server/internal/repository/project_repository.go:94.16,96.3 1 0
github.com/tktomaru/taskai/taskai-server/internal/repository/project_repository.go:98.2,98.15 1 0
github.com/tktomaru/taskai/taskai-server/internal/repository/project_repository.go:98.15,100.3 1 0
github.com/tktomaru/taskai/taskai-server/internal/repository/project_repository.go:102.2,102.12 1 0
github.com/tktomaru/taskai/taskai-server/internal/repository/project_repository.go:106.81,113.16 3 0
github.com/tktomaru/taskai/taskai-server/internal/repository/project_repository.go:113.16,115.3 1 0
github.com/tktomaru/taskai/taskai-server/internal/repository/project_repository.go:117.2,118.16 2 0
github.com/tktomaru/taskai/taskai-server/internal/repository/project_repository.go:118.16,120.3 1 0
github.com/tktomaru/taskai/taskai-server/internal/repository/project_repository.go:122.2,122.15 1 0
github.com/tktomaru/taskai/taskai-server/internal/repository/project_repository.go:122.15,124.3 1 0
github.com/tktomaru/taskai/taskai-server/internal/repository/project_repository.go:126.2,126.12 1 0
github.com/tktomaru/taskai/taskai-server/internal/repository/revision_repository.go:17.61,19.2 1 0
github.com/tktomaru/taskai/taskai-server/internal/repository/revision_repository.go:22.126,23.16 1 0
github.com/tktomaru/taskai/taskai-server/internal/repository/revision_repository.go:23.16,25.3 1 0
github.com/tktomaru/taskai/taskai-server/internal/repository/revision_repository.go:27.2,36.16 4 0
github.com/tktomaru/taskai/taskai-server/internal/repository/revision_repository.go:36.16,38.3 1 0
github.com/tktomaru/taskai/taskai-server/internal/repository/revision_repository.go:40.2,40.23 1 0
github.com/tktomaru/taskai/taskai-server/internal/repository/revision_repository.go:44.110,52.16 4 0
github.com/tktomaru/taskai/taskai-server/internal/repository/revision_repository.go:52.16,54.3 1 0
github.com/tktomaru/taskai/taskai-server/internal/repository/revision_repository.go:56.2,56.23 1 0
github.com/tktomaru/taskai/taskai-server/internal/repository/revision_repository.go:60.96,68.16 4 0
github.com/tktomaru/taskai/taskai-server/internal/repository/revision_repository.go:68.16,70.3 1 0
github.com/tktomaru/taskai/taskai-server/internal/repository/revision_repository.go:72.2,72.19 1 0
github.com/tktomaru/taskai/taskai-server/internal/repository/revision_repository.go:76.114,86.16 4 0
github.com/tktomaru/taskai/taskai-server/internal/repository/revision_repository.go:86.16,88.3 1 0
github.com/tktomaru/taskai/taskai-server/internal/repository/revision_repository.go:90.2,90.23 1 0
github.com/tktomaru/taskai/taskai-server/internal/repository/task_repository.go:18.53,20.2 1 0
github.com/tktomaru/taskai/taskai-server/internal/repository/task_repository.go:23.79,37.16 3 0
github.com/tktomaru/taskai/taskai-server/internal/repository/task_repository.go:37.16,39.3 1 0
github.com/tktomaru/taskai/taskai-server/internal/repository/task_repository.go:41.2,41.12 1 0
github.com/tktomaru/taskai/taskai-server/internal/repository/task_repository.go:45.103,53.16 4 0
github.com/tktomaru/taskai/taskai-server/internal/repository/task_repository.go:53.16,54.27 1 0
github.com/tktomaru/taskai/taskai-server/internal/repository/task_repository.go:54.27,56.4 1 0
github.com/tktomaru/taskai/taskai-server/internal/repository/task_repository.go:57.3,57.56 1 0
github.com/tktomaru/taskai/taskai-server/internal/repository/task_repository.go:60.2,60.19 1 0
github.com/tktomaru/taskai/taskai-server/internal/repository/task_repository.go:64.116,73.20 4 0
github.com/tktomaru/taskai/taskai-server/internal/repository/task_repository.go:73.20,74.32 1 0
github.com/tktomaru/taskai/taskai-server/internal/repository/task_repository.go:74.32,78.4 3 0
github.com/tktomaru/taskai/taskai-server/internal/repository/task_repository.go:80.3,80.34 1 0
github.com/tktomaru/taskai/taskai-server/internal/repository/task_repository.go:80.34,84.4 3 0
github.com/tktomaru/taskai/taskai-server/internal/repository/task_repository.go:86.3,86.33 1 0
github.com/tktomaru/taskai/taskai-server/internal/repository/task_repository.go:86.33,90.4 3 0
github.com/tktomaru/taskai/taskai-server/internal/repository/task_repository.go:92.3,92.30 1 0
github.com/tktomaru/taskai/taskai-server/internal/repository/task_repository.go:92.30,96.4 3 0
github.com/tktomaru/taskai/taskai-server/internal/repository/task_repository.go:100.2,103.41 2 0
github.com/tktomaru/taskai/taskai-server/internal/repository/task_repository.go:103.41,107.3 3 0
github.com/tktomaru/taskai/taskai-server/internal/repository/task_repository.go:109.2,111.16 3 0
github.com/tktomaru/taskai/taskai-server/internal/repository/task_repository.go:111.16,113.3 1 0
github.com/tktomaru/taskai/taskai-server/internal/repository/task_repository.go:115.2,115.19 1 0
github.com/tktomaru/taskai/taskai-server/internal/repository/task_repository.go:119.79,137.16 3 0
github.com/tktomaru/taskai/taskai-server/internal/repository/task_repository.go:137.16,139.3 1 0
github.com/tktomaru/taskai/taskai-server/internal/repository/task_repository.go:141.2,142.16 2 0
github.com/tktomaru/taskai/taskai-server/internal/repository/task_repository.go:142.16,144.3 1 0
github.com/tktomaru/taskai/taskai-server/internal/repository/task_repository.go:146.2,146.15 1 0
github.com/tktomaru/taskai/taskai-server/internal/repository/task_repository.go:146.15,148.3 1 0
github.com/tktomaru/taskai/taskai-server/internal/repository/task_repository.go:150.2,150.12 1 0
github.com/tktomaru/taskai/taskai-server/internal/repository/task_repository.go:154.86,161.16 3 0
github.com/tktomaru/taskai/taskai-server/internal/repository/task_repository.go:161.16,163.3 1 0
github.com/tktomaru/taskai/taskai-server/internal/repository/task_repository.go:165.2,166.16 2 0
github.com/tktomaru/taskai/taskai-server/internal/repository/task_repository.go:166.16,168.3 1 0
github.com/tktomaru/taskai/taskai-server/internal/repository/task_repository.go:170.2,170.15 1 0
github.com/tktomaru/taskai/taskai-server/internal/repository/task_repository.go:170.15,172.3 1 0
github.com/tktomaru/taskai/taskai-server/internal/repository/task_repository.go:174.2,174.12 1 0
github.com/tktomaru/taskai/taskai-server/internal/repository/task_repository.go:178.120,190.16 4 0
github.com/tktomaru/taskai/taskai-server/internal/repository/task_repository.go:190.16,192.3 1 0
github.com/tktomaru/taskai/taskai-server/internal/repository/task_repository.go:194.2,194.19 1 0
github.com/tktomaru/taskai/taskai-server/internal/repository/user_repository.go:18.53,20.2 1 0
github.com/tktomaru/taskai/taskai-server/internal/repository/user_repository.go:23.79,33.16 3 0
github.com/tktomaru/taskai/taskai-server/internal/repository/user_repository.go:33.16,35.3 1 0
github.com/tktomaru/taskai/taskai-server/internal/repository/user_repository.go:37.2,37.12 1 0
github.com/tktomaru/taskai/taskai-server/internal/repository/user_repository.go:41.92,48.16 4 0
github.com/tktomaru/taskai/taskai-server/internal/repository/user_repository.go:48.16,49.27 1 0
github.com/tktomaru/taskai/taskai-server/internal/repository/user_repository.go:49.27,51.4 1 0
github.com/tktomaru/taskai/taskai-server/internal/repository/user_repository.go:52.3,52.56 1 0
github.com/tktomaru/taskai/taskai-server/internal/repository/user_repository.go:55.2,55.19 1 0
github.com/tktomaru/taskai/taskai-server/internal/repository/user_repository.go:59.94,66.16 4 0
github.com/tktomaru/taskai/taskai-server/internal/repository/user_repository.go:66.16,67.27 1 0
github.com/tktomaru/taskai/taskai-server/internal/repository/user_repository.go:67.27,69.4 1 0
github.com/tktomaru/taskai/taskai-server/internal/repository/user_repository.go:70.3,70.56 1 0
github.com/tktomaru/taskai/taskai-server/internal/repository/user_repository.go:73.2,73.19 1 0
github.com/tktomaru/taskai/taskai-server/internal/repository/user_repository.go:77.84,84.2 3 0
github.com/tktomaru/taskai/taskai-server/internal/repository/view_repository.go:18.53,20.2 1 0
github.com/tktomaru/taskai/taskai-server/internal/repository/view_repository.go:23.84,35.16 3 0
github.com/tktomaru/taskai/taskai-server/internal/repository/view_repository.go:35.16,37.3 1 0
github.com/tktomaru/taskai/taskai-server/internal/repository/view_repository.go:39.2,39.12 1 0
github.com/tktomaru/taskai/taskai-server/internal/repository/view_repository.go:43.108,51.16 4 0
github.com/tktomaru/taskai/taskai-server/internal/repository/view_repository.go:51.16,52.27 1 0
github.com/tktomaru/taskai/taskai-server/internal/repository/view_repository.go:52.27,54.4 1 0
github.com/tktomaru/taskai/taskai-server/internal/repository/view_repository.go:55.3,55.56 1 0
github.com/tktomaru/taskai/taskai-server/internal/repository/view_repository.go:58.2,58.19 1 0
github.com/tktomaru/taskai/taskai-server/internal/repository/view_repository.go:62.120,72.16 4 0
github.com/tktomaru/taskai/taskai-server/internal/repository/view_repository.go:72.16,74.3 1 0
github.com/tktomaru/taskai/taskai-server/internal/repository/view_repository.go:76.2,76.19 1 0
github.com/tktomaru/taskai/taskai-server/internal/repository/view_repository.go:80.84,94.16 3 0
[...]
github.com/tktomaru/taskai/taskai-server/internal/service/search_service.go:102.20,104.3 1 0
github.com/tktomaru/taskai/taskai-server/internal/service/search_service.go:107.2,110.16 2 0
github.com/tktomaru/taskai/taskai-server/internal/service/search_service.go:110.16,112.3 1 0
github.com/tktomaru/taskai/taskai-server/internal/service/search_service.go:115.2,116.45 2 0
github.com/tktomaru/taskai/taskai-server/internal/service/search_service.go:116.45,118.23 2 0
github.com/tktomaru/taskai/taskai-server/internal/service/search_service.go:118.23,120.4 1 0
github.com/tktomaru/taskai/taskai-server/internal/service/search_service.go:122.3,123.56 2 0
github.com/tktomaru/taskai/taskai-server/internal/service/search_service.go:123.56,125.4 1 0
github.com/tktomaru/taskai/taskai-server/internal/service/search_service.go:128.2,128.12 1 0
github.com/tktomaru/taskai/taskai-server/internal/service/search_service.go:132.106,134.16 2 0
github.com/tktomaru/taskai/taskai-server/internal/service/search_service.go:134.16,136.3 1 0
github.com/tktomaru/taskai/taskai-server/internal/service/search_service.go:138.2,139.16 2 0
github.com/tktomaru/taskai/taskai-server/internal/service/search_service.go:139.16,141.3 1 0
github.com/tktomaru/taskai/taskai-server/internal/service/search_service.go:143.2,147.8 1 0
github.com/tktomaru/taskai/taskai-server/internal/service/task_service.go:20.67,25.2 1 0
github.com/tktomaru/taskai/taskai-server/internal/service/task_service.go:40.115,43.16 2 0
github.com/tktomaru/taskai/taskai-server/internal/service/task_service.go:43.16,45.3 1 0
github.com/tktomaru/taskai/taskai-server/internal/service/task_service.go:48.2,49.16 2 0
github.com/tktomaru/taskai/taskai-server/internal/service/task_service.go:49.16,51.3 1 0
github.com/tktomaru/taskai/taskai-server/internal/service/task_service.go:54.2,60.49 5 0
github.com/tktomaru/taskai/taskai-server/internal/service/task_service.go:60.49,62.3 1 0
github.com/tktomaru/taskai/taskai-server/internal/service/task_service.go:64.2,64.18 1 0
github.com/tktomaru/taskai/taskai-server/internal/service/task_service.go:68.100,70.16 2 0
github.com/tktomaru/taskai/taskai-server/internal/service/task_service.go:70.16,72.3 1 0
github.com/tktomaru/taskai/taskai-server/internal/service/task_service.go:74.2,74.18 1 0
github.com/tktomaru/taskai/taskai-server/internal/service/task_service.go:78.124,80.16 2 0
github.com/tktomaru/taskai/taskai-server/internal/service/task_service.go:80.16,82.3 1 0
github.com/tktomaru/taskai/taskai-server/internal/service/task_service.go:84.2,84.19 1 0
github.com/tktomaru/taskai/taskai-server/internal/service/task_service.go:88.123,91.16 2 0
github.com/tktomaru/taskai/taskai-server/internal/service/task_service.go:91.16,93.3 1 0
github.com/tktomaru/taskai/taskai-server/internal/service/task_service.go:96.2,97.16 2 0
github.com/tktomaru/taskai/taskai-server/internal/service/task_service.go:97.16,99.3 1 0
github.com/tktomaru/taskai/taskai-server/internal/service/task_service.go:102.2,103.16 2 0
github.com/tktomaru/taskai/taskai-server/internal/service/task_service.go:103.16,105.3 1 0
github.com/tktomaru/taskai/taskai-server/internal/service/task_service.go:108.2,108.30 1 0
github.com/tktomaru/taskai/taskai-server/internal/service/task_service.go:108.30,110.3 1 0
github.com/tktomaru/taskai/taskai-server/internal/service/task_service.go:113.2,118.97 4 0
github.com/tktomaru/taskai/taskai-server/internal/service/task_service.go:118.97,121.3 2 0
github.com/tktomaru/taskai/taskai-server/internal/service/task_service.go:124.2,124.56 1 0
github.com/tktomaru/taskai/taskai-server/internal/service/task_service.go:124.56,126.3 1 0
github.com/tktomaru/taskai/taskai-server/internal/service/task_service.go:128.2,128.25 1 0
github.com/tktomaru/taskai/taskai-server/internal/service/task_service.go:132.83,134.2 1 0
github.com/tktomaru/taskai/taskai-server/internal/service/task_service.go:137.111,138.16 1 0
github.com/tktomaru/taskai/taskai-server/internal/service/task_service.go:138.16,140.3 1 0
github.com/tktomaru/taskai/taskai-server/internal/service/task_service.go:142.2,142.52 1 0
github.com/tktomaru/taskai/taskai-server/internal/service/task_service.go:146.73,148.2 1 0
github.com/tktomaru/taskai/taskai-server/internal/service/view_service.go:21.67,27.2 1 0
github.com/tktomaru/taskai/taskai-server/internal/service/view_service.go:48.120,49.18 1 0
github.com/tktomaru/taskai/taskai-server/internal/service/view_service.go:49.18,51.3 1 0
github.com/tktomaru/taskai/taskai-server/internal/service/view_service.go:53.2,53.20 1 0
github.com/tktomaru/taskai/taskai-server/internal/service/view_service.go:53.20,55.3 1 0
github.com/tktomaru/taskai/taskai-server/internal/service/view_service.go:58.2,59.16 2 0
github.com/tktomaru/taskai/taskai-server/internal/service/view_service.go:59.16,61.3 1 0
github.com/tktomaru/taskai/taskai-server/internal/service/view_service.go:64.2,68.24 3 0
github.com/tktomaru/taskai/taskai-server/internal/service/view_service.go:68.24,70.3 1 0
github.com/tktomaru/taskai/taskai-server/internal/service/view_service.go:71.2,71.25 1 0
github.com/tktomaru/taskai/taskai-server/internal/service/view_service.go:71.25,73.3 1 0
github.com/tktomaru/taskai/taskai-server/internal/service/view_service.go:74.2,74.22 1 0
github.com/tktomaru/taskai/taskai-server/internal/service/view_service.go:74.22,76.3 1 0
github.com/tktomaru/taskai/taskai-server/internal/service/view_service.go:77.2,77.29 1 0
github.com/tktomaru/taskai/taskai-server/internal/service/view_service.go:77.29,79.3 1 0
github.com/tktomaru/taskai/taskai-server/internal/service/view_service.go:80.2,80.27 1 0
github.com/tktomaru/taskai/taskai-server/internal/service/view_service.go:80.27,82.3 1 0
github.com/tktomaru/taskai/taskai-server/internal/service/view_service.go:84.2,99.49 2 0
github.com/tktomaru/taskai/taskai-server/internal/service/view_service.go:99.49,101.3 1 0
github.com/tktomaru/taskai/taskai-server/internal/service/view_service.go:103.2,103.18 1 0
github.com/tktomaru/taskai/taskai-server/internal/service/view_service.go:107.105,109.2 1 0
github.com/tktomaru/taskai/taskai-server/internal/service/view_service.go:112.117,114.2 1 0
github.com/tktomaru/taskai/taskai-server/internal/service/view_service.go:117.128,120.16 2 0
github.com/tktomaru/taskai/taskai-server/internal/service/view_service.go:120.16,122.3 1 0
github.com/tktomaru/taskai/taskai-server/internal/service/view_service.go:125.2,126.16 2 0
github.com/tktomaru/taskai/taskai-server/internal/service/view_service.go:126.16,128.3 1 0
github.com/tktomaru/taskai/taskai-server/internal/service/view_service.go:130.2,141.24 8 0
github.com/tktomaru/taskai/taskai-server/internal/service/view_service.go:141.24,143.3 1 0
github.com/tktomaru/taskai/taskai-server/internal/service/view_service.go:144.2,144.25 1 0
github.com/tktomaru/taskai/taskai-server/internal/service/view_service.go:144.25,146.3 1 0
github.com/tktomaru/taskai/taskai-server/internal/service/view_service.go:147.2,147.22 1 0
github.com/tktomaru/taskai/taskai-server/internal/service/view_service.go:147.22,149.3 1 0
github.com/tktomaru/taskai/taskai-server/internal/service/view_service.go:150.2,150.29 1 0
github.com/tktomaru/taskai/taskai-server/internal/service/view_service.go:150.29,152.3 1 0
github.com/tktomaru/taskai/taskai-server/internal/service/view_service.go:153.2,153.27 1 0
github.com/tktomaru/taskai/taskai-server/internal/service/view_service.go:153.27,155.3 1 0
github.com/tktomaru/taskai/taskai-server/internal/service/view_service.go:156.2,158.49 2 0
github.com/tktomaru/taskai/taskai-server/internal/service/view_service.go:158.49,160.3 1 0
github.com/tktomaru/taskai/taskai-server/internal/service/view_service.go:162.2,162.18 1 0
github.com/tktomaru/taskai/taskai-server/internal/service/view_service.go:166.83,168.2 1 0
github.com/tktomaru/taskai/taskai-server/internal/service/view_service.go:171.102,174.16 2 0
github.com/tktomaru/taskai/taskai-server/internal/service/view_service.go:174.16,176.3 1 0
github.com/tktomaru/taskai/taskai-server/internal/service/view_service.go:179.2,180.16 2 0
github.com/tktomaru/taskai/taskai-server/internal/service/view_service.go:180.16,182.3 1 0
github.com/tktomaru/taskai/taskai-server/internal/service/view_service.go:185.2,186.16 2 0
github.com/tktomaru/taskai/taskai-server/internal/service/view_service.go:186.16,188.3 1 0
github.com/tktomaru/taskai/taskai-server/internal/service/view_service.go:191.2,192.16 2 0
github.com/tktomaru/taskai/taskai-server/internal/service/view_service.go:192.16,194.3 1 0
github.com/tktomaru/taskai/taskai-server/internal/service/view_service.go:197.2,199.19 2 0
github.com/tktomaru/taskai/taskai-server/internal/service/view_service.go:203.72,208.40 2 0
github.com/tktomaru/taskai/taskai-server/internal/service/view_service.go:208.40,210.20 2 0
github.com/tktomaru/taskai/taskai-server/internal/service/view_service.go:210.20,212.4 1 0
github.com/tktomaru/taskai/taskai-server/internal/service/view_service.go:213.3,213.30 1 0
github.com/tktomaru/taskai/taskai-server/internal/service/view_service.go:216.2,216.26 1 0
github.com/tktomaru/taskai/taskai-server/internal/auth/jwt.go:25.72,30.2 1 5
github.com/tktomaru/taskai/taskai-server/internal/auth/jwt.go:33.71,47.16 5 3
github.com/tktomaru/taskai/taskai-server/internal/auth/jwt.go:47.16,49.3 1 0
github.com/tktomaru/taskai/taskai-server/internal/auth/jwt.go:51.2,51.25 1 3
github.com/tktomaru/taskai/taskai-server/internal/auth/jwt.go:55.73,56.104 1 6
github.com/tktomaru/taskai/taskai-server/internal/auth/jwt.go:56.104,58.58 1 3
github.com/tktomaru/taskai/taskai-server/internal/auth/jwt.go:58.58,60.4 1 0
github.com/tktomaru/taskai/taskai-server/internal/auth/jwt.go:61.3,61.31 1 3
github.com/tktomaru/taskai/taskai-server/internal/auth/jwt.go:64.2,64.16 1 6
github.com/tktomaru/taskai/taskai-server/internal/auth/jwt.go:64.16,66.3 1 5
github.com/tktomaru/taskai/taskai-server/internal/auth/jwt.go:68.2,68.18 1 1
github.com/tktomaru/taskai/taskai-server/internal/auth/jwt.go:68.18,70.3 1 0
github.com/tktomaru/taskai/taskai-server/internal/auth/jwt.go:72.2,73.9 2 1
github.com/tktomaru/taskai/taskai-server/internal/auth/jwt.go:73.9,75.3 1 0
github.com/tktomaru/taskai/taskai-server/internal/auth/jwt.go:77.2,77.20 1 1
github.com/tktomaru/taskai/taskai-server/internal/auth/password.go:26.42,28.2 1 3
github.com/tktomaru/taskai/taskai-server/internal/auth/password.go:31.72,34.43 2 7
github.com/tktomaru/taskai/taskai-server/internal/auth/password.go:34.43,36.3 1 0
github.com/tktomaru/taskai/taskai-server/internal/auth/password.go:39.2,51.21 3 7
github.com/tktomaru/taskai/taskai-server/internal/auth/password.go:55.85,58.21 2 6
github.com/tktomaru/taskai/taskai-server/internal/auth/password.go:58.21,60.3 1 0
github.com/tktomaru/taskai/taskai-server/internal/auth/password.go:62.2,62.28 1 6
github.com/tktomaru/taskai/taskai-server/internal/auth/password.go:62.28,64.3 1 0
github.com/tktomaru/taskai/taskai-server/internal/auth/password.go:67.2,68.66 2 6
github.com/tktomaru/taskai/taskai-server/internal/auth/password.go:68.66,70.3 1 0
github.com/tktomaru/taskai/taskai-server/internal/auth/password.go:72.2,73.92 2 6
github.com/tktomaru/taskai/taskai-server/internal/auth/password.go:73.92,75.3 1 0
github.com/tktomaru/taskai/taskai-server/internal/auth/password.go:78.2,79.16 2 6
github.com/tktomaru/taskai/taskai-server/internal/auth/password.go:79.16,81.3 1 0
github.com/tktomaru/taskai/taskai-server/internal/auth/password.go:84.2,85.16 2 6
github.com/tktomaru/taskai/taskai-server/internal/auth/password.go:85.16,87.3 1 0
github.com/tktomaru/taskai/taskai-server/internal/auth/password.go:90.2,93.57 2 6
github.com/tktomaru/taskai/taskai-server/internal/auth/password.go:93.57,95.3 1 3
github.com/tktomaru/taskai/taskai-server/internal/auth/password.go:97.2,97.19 1 3
github.com/tktomaru/taskai/taskai-server/internal/models/models.go:183.52,184.14 1 0
github.com/tktomaru/taskai/taskai-server/internal/models/models.go:184.14,186.3 1 0
github.com/tktomaru/taskai/taskai-server/internal/models/models.go:187.2,187.17 1 0
github.com/tktomaru/taskai/taskai-server/internal/models/models.go:187.17,189.3 1 0
github.com/tktomaru/taskai/taskai-server/internal/models/models.go:192.2,193.22 2 0
github.com/tktomaru/taskai/taskai-server/internal/models/models.go:193.22,194.12 1 0
github.com/tktomaru/taskai/taskai-server/internal/models/models.go:194.12,196.4 1 0
github.com/tktomaru/taskai/taskai-server/internal/models/models.go:198.3,199.23 2 0
github.com/tktomaru/taskai/taskai-server/internal/models/models.go:199.23,200.29 1 0
github.com/tktomaru/taskai/taskai-server/internal/models/models.go:200.29,202.5 1 0
github.com/tktomaru/taskai/taskai-server/internal/models/models.go:203.4,203.24 1 0
github.com/tktomaru/taskai/taskai-server/internal/models/models.go:205.3,205.27 1 0
github.com/tktomaru/taskai/taskai-server/internal/models/models.go:207.2,209.15 2 0
github.com/tktomaru/taskai/taskai-server/internal/models/models.go:213.53,214.18 1 0
github.com/tktomaru/taskai/taskai-server/internal/models/models.go:214.18,217.3 2 0
github.com/tktomaru/taskai/taskai-server/internal/models/models.go:219.2,219.27 1 0
github.com/tktomaru/taskai/taskai-server/internal/models/models.go:220.14,221.24 1 0
github.com/tktomaru/taskai/taskai-server/internal/models/models.go:222.14,223.32 1 0
github.com/tktomaru/taskai/taskai-server/internal/models/models.go:224.10,225.67 1 0
github.com/tktomaru/taskai/taskai-server/internal/models/models.go:229.51,232.42 1 0
github.com/tktomaru/taskai/taskai-server/internal/models/models.go:232.42,235.3 2 0
github.com/tktomaru/taskai/taskai-server/internal/models/models.go:238.2,238.45 1 0
github.com/tktomaru/taskai/taskai-server/internal/models/models.go:238.45,240.3 1 0
github.com/tktomaru/taskai/taskai-server/internal/models/models.go:243.2,247.32 4 0
github.com/tktomaru/taskai/taskai-server/internal/models/models.go:247.32,250.47 2 0
github.com/tktomaru/taskai/taskai-server/internal/models/models.go:250.47,252.12 2 0
github.com/tktomaru/taskai/taskai-server/internal/models/models.go:255.3,255.27 1 0
github.com/tktomaru/taskai/taskai-server/internal/models/models.go:255.27,258.12 3 0
github.com/tktomaru/taskai/taskai-server/internal/models/models.go:261.3,261.23 1 0
github.com/tktomaru/taskai/taskai-server/internal/models/models.go:264.2,264.19 1 0
github.com/tktomaru/taskai/taskai-server/internal/models/models.go:264.19,266.3 1 0
github.com/tktomaru/taskai/taskai-server/internal/models/models.go:268.2,269.12 2 0
github.com/tktomaru/taskai/taskai-server/internal/models/models.go:276.46,277.14 1 0
github.com/tktomaru/taskai/taskai-server/internal/models/models.go:277.14,279.3 1 0
github.com/tktomaru/taskai/taskai-server/internal/models/models.go:280.2,280.24 1 0
github.com/tktomaru/taskai/taskai-server/internal/models/models.go:284.47,285.18 1 0
github.com/tktomaru/taskai/taskai-server/internal/models/models.go:285.18,288.3 2 0
github.com/tktomaru/taskai/taskai-server/internal/models/models.go:290.2,291.27 2 0
github.com/tktomaru/taskai/taskai-server/internal/models/models.go:292.14,293.11 1 0
github.com/tktomaru/taskai/taskai-server/internal/models/models.go:294.14,295.19 1 0
github.com/tktomaru/taskai/taskai-server/internal/models/models.go:296.10,297.61 1 0
github.com/tktomaru/taskai/taskai-server/internal/models/models.go:300.2,300.32 1 0
github.com/tktomaru/taskai/taskai-server/internal/websocket/client.go:43.89,51.2 1 0
github.com/tktomaru/taskai/taskai-server/internal/websocket/client.go:54.29,55.15 1 0
github.com/tktomaru/taskai/taskai-server/internal/websocket/client.go:55.15,58.3 2 0
github.com/tktomaru/taskai/taskai-server/internal/websocket/client.go:60.2,62.43 3 0
github.com/tktomaru/taskai/taskai-server/internal/websocket/client.go:62.43,65.3 2 0
github.com/tktomaru/taskai/taskai-server/internal/websocket/client.go:67.2,67.6 1 0
github.com/tktomaru/taskai/taskai-server/internal/websocket/client.go:67.6,69.17 2 0
github.com/tktomaru/taskai/taskai-server/internal/websocket/client.go:69.17,70.103 1 0
github.com/tktomaru/taskai/taskai-server/internal/websocket/client.go:70.103,72.5 1 0
github.com/tktomaru/taskai/taskai-server/internal/websocket/client.go:73.4,73.9 1 0
github.com/tktomaru/taskai/taskai-server/internal/websocket/client.go:81.30,83.15 2 0
github.com/tktomaru/taskai/taskai-server/internal/websocket/client.go:83.15,86.3 2 0
github.com/tktomaru/taskai/taskai-server/internal/websocket/client.go:88.2,88.6 1 0
github.com/tktomaru/taskai/taskai-server/internal/websocket/client.go:88.6,89.10 1 0
github.com/tktomaru/taskai/taskai-server/internal/websocket/client.go:90.32,92.11 2 0
github.com/tktomaru/taskai/taskai-server/internal/websocket/client.go:92.11,96.5 2 0
github.com/tktomaru/taskai/taskai-server/internal/websocket/client.go:98.4,99.18 2 0
github.com/tktomaru/taskai/taskai-server/internal/websocket/client.go:99.18,101.5 1 0
github.com/tktomaru/taskai/taskai-server/internal/websocket/client.go:102.4,106.27 3 0
github.com/tktomaru/taskai/taskai-server/internal/websocket/client.go:106.27,109.5 2 0
github.com/tktomaru/taskai/taskai-server/internal/websocket/client.go:111.4,111.36 1 0
github.com/tktomaru/taskai/taskai-server/internal/websocket/client.go:111.36,113.5 1 0
github.com/tktomaru/taskai/taskai-server/internal/websocket/client.go:115.19,117.74 2 0
github.com/tktomaru/taskai/taskai-server/internal/websocket/client.go:117.74,119.5 1 0
github.com/tktomaru/taskai/taskai-server/internal/websocket/client.go:125.26,128.2 2 0
github.com/tktomaru/taskai/taskai-server/internal/websocket/hub.go:46.20,53.2 1 8
github.com/tktomaru/taskai/taskai-server/internal/websocket/hub.go:56.21,57.6 1 2
github.com/tktomaru/taskai/taskai-server/internal/websocket/hub.go:57.6,58.10 1 13
github.com/tktomaru/taskai/taskai-server/internal/websocket/hub.go:59.31,60.28 1 10
github.com/tktomaru/taskai/taskai-server/internal/websocket/hub.go:62.33,63.30 1 0
github.com/tktomaru/taskai/taskai-server/internal/websocket/hub.go:65.33,66.31 1 1
github.com/tktomaru/taskai/taskai-server/internal/websocket/hub.go:72.46,76.40 3 22
github.com/tktomaru/taskai/taskai-server/internal/websocket/hub.go:76.40,78.3 1 8
github.com/tktomaru/taskai/taskai-server/internal/websocket/hub.go:79.2,81.112 2 22
github.com/tktomaru/taskai/taskai-server/internal/websocket/hub.go:85.48,89.52 3 1
github.com/tktomaru/taskai/taskai-server/internal/websocket/hub.go:89.52,90.35 1 1
github.com/tktomaru/taskai/taskai-server/internal/websocket/hub.go:90.35,94.25 3 1
github.com/tktomaru/taskai/taskai-server/internal/websocket/hub.go:94.25,96.5 1 1
github.com/tktomaru/taskai/taskai-server/internal/websocket/hub.go:98.4,98.101 1 1
github.com/tktomaru/taskai/taskai-server/internal/websocket/hub.go:104.50,109.27 4 3
github.com/tktomaru/taskai/taskai-server/internal/websocket/hub.go:109.27,111.3 1 0
github.com/tktomaru/taskai/taskai-server/internal/websocket/hub.go:114.2,115.16 2 3
github.com/tktomaru/taskai/taskai-server/internal/websocket/hub.go:115.16,118.3 2 0
github.com/tktomaru/taskai/taskai-server/internal/websocket/hub.go:121.2,121.37 1 3
github.com/tktomaru/taskai/taskai-server/internal/websocket/hub.go:121.37,122.10 1 4
github.com/tktomaru/taskai/taskai-server/internal/websocket/hub.go:123.28,123.28 0 4
github.com/tktomaru/taskai/taskai-server/internal/websocket/hub.go:124.11,127.34 2 0
github.com/tktomaru/taskai/taskai-server/internal/websocket/hub.go:131.2,131.30 1 3
github.com/tktomaru/taskai/taskai-server/internal/websocket/hub.go:131.30,133.3 1 0
github.com/tktomaru/taskai/taskai-server/internal/websocket/hub.go:137.97,145.9 2 1
github.com/tktomaru/taskai/taskai-server/internal/websocket/hub.go:146.30,146.30 0 1
github.com/tktomaru/taskai/taskai-server/internal/websocket/hub.go:147.10,148.57 1 0
github.com/tktomaru/taskai/taskai-server/internal/websocket/hub.go:153.52,157.45 3 6
github.com/tktomaru/taskai/taskai-server/internal/websocket/hub.go:157.45,159.3 1 3
github.com/tktomaru/taskai/taskai-server/internal/websocket/hub.go:160.2,160.10 1 3
